{"D:\\Programming\\SLIIT\\AF\\flux-energy-audit\\backend\\src\\app.js": {"path":"D:\\Programming\\SLIIT\\AF\\flux-energy-audit\\backend\\src\\app.js","statementMap":{"0":{"start":{"line":1,"column":16},"end":{"line":1,"column":34}},"1":{"start":{"line":2,"column":13},"end":{"line":2,"column":28}},"2":{"start":{"line":3,"column":18},"end":{"line":3,"column":47}},"3":{"start":{"line":5,"column":19},"end":{"line":5,"column":59}},"4":{"start":{"line":6,"column":26},"end":{"line":6,"column":73}},"5":{"start":{"line":7,"column":19},"end":{"line":7,"column":59}},"6":{"start":{"line":8,"column":21},"end":{"line":8,"column":69}},"7":{"start":{"line":9,"column":24},"end":{"line":9,"column":69}},"8":{"start":{"line":10,"column":20},"end":{"line":10,"column":47}},"9":{"start":{"line":12,"column":18},"end":{"line":26,"column":1}},"10":{"start":{"line":13,"column":16},"end":{"line":13,"column":25}},"11":{"start":{"line":15,"column":4},"end":{"line":15,"column":28}},"12":{"start":{"line":16,"column":4},"end":{"line":16,"column":20}},"13":{"start":{"line":18,"column":4},"end":{"line":18,"column":38}},"14":{"start":{"line":19,"column":4},"end":{"line":19,"column":53}},"15":{"start":{"line":20,"column":4},"end":{"line":20,"column":38}},"16":{"start":{"line":21,"column":4},"end":{"line":21,"column":48}},"17":{"start":{"line":22,"column":4},"end":{"line":22,"column":41}},"18":{"start":{"line":23,"column":4},"end":{"line":23,"column":72}},"19":{"start":{"line":25,"column":4},"end":{"line":25,"column":15}},"20":{"start":{"line":28,"column":0},"end":{"line":28,"column":27}}},"fnMap":{"0":{"name":"(anonymous_0)","decl":{"start":{"line":12,"column":18},"end":{"line":12,"column":19}},"loc":{"start":{"line":12,"column":24},"end":{"line":26,"column":1}},"line":12}},"branchMap":{},"s":{"0":1,"1":1,"2":1,"3":1,"4":1,"5":1,"6":1,"7":1,"8":1,"9":1,"10":4,"11":4,"12":4,"13":4,"14":4,"15":4,"16":4,"17":4,"18":4,"19":4,"20":1},"f":{"0":4},"b":{},"_coverageSchema":"1a1c01bbd47fc00a2c39e90264f33305004495a9","hash":"2ac2d9234f95baa907610f9e4ca4074162dd76d4"}
,"D:\\Programming\\SLIIT\\AF\\flux-energy-audit\\backend\\src\\config\\swagger.js": {"path":"D:\\Programming\\SLIIT\\AF\\flux-energy-audit\\backend\\src\\config\\swagger.js","statementMap":{"0":{"start":{"line":1,"column":21},"end":{"line":1,"column":45}},"1":{"start":{"line":3,"column":16},"end":{"line":33,"column":1}},"2":{"start":{"line":35,"column":20},"end":{"line":35,"column":41}},"3":{"start":{"line":37,"column":0},"end":{"line":37,"column":29}}},"fnMap":{},"branchMap":{},"s":{"0":1,"1":1,"2":1,"3":1},"f":{},"b":{},"_coverageSchema":"1a1c01bbd47fc00a2c39e90264f33305004495a9","hash":"bad8c9988020ee89c94e04b7b35569ad32f3a59f"}
,"D:\\Programming\\SLIIT\\AF\\flux-energy-audit\\backend\\src\\controllers\\appliancemanagement.controller.js": {"path":"D:\\Programming\\SLIIT\\AF\\flux-energy-audit\\backend\\src\\controllers\\appliancemanagement.controller.js","statementMap":{"0":{"start":{"line":1,"column":25},"end":{"line":1,"column":75}},"1":{"start":{"line":2,"column":71},"end":{"line":2,"column":127}},"2":{"start":{"line":5,"column":24},"end":{"line":22,"column":1}},"3":{"start":{"line":6,"column":4},"end":{"line":21,"column":5}},"4":{"start":{"line":8,"column":26},"end":{"line":8,"column":70}},"5":{"start":{"line":9,"column":8},"end":{"line":11,"column":9}},"6":{"start":{"line":10,"column":12},"end":{"line":10,"column":79}},"7":{"start":{"line":14,"column":26},"end":{"line":14,"column":84}},"8":{"start":{"line":15,"column":8},"end":{"line":18,"column":11}},"9":{"start":{"line":20,"column":8},"end":{"line":20,"column":88}},"10":{"start":{"line":25,"column":25},"end":{"line":36,"column":1}},"11":{"start":{"line":26,"column":4},"end":{"line":35,"column":5}},"12":{"start":{"line":27,"column":27},"end":{"line":27,"column":82}},"13":{"start":{"line":28,"column":8},"end":{"line":32,"column":11}},"14":{"start":{"line":34,"column":8},"end":{"line":34,"column":91}},"15":{"start":{"line":39,"column":21},"end":{"line":52,"column":1}},"16":{"start":{"line":40,"column":4},"end":{"line":51,"column":5}},"17":{"start":{"line":41,"column":26},"end":{"line":41,"column":93}},"18":{"start":{"line":42,"column":8},"end":{"line":44,"column":9}},"19":{"start":{"line":43,"column":12},"end":{"line":43,"column":76}},"20":{"start":{"line":45,"column":8},"end":{"line":48,"column":11}},"21":{"start":{"line":50,"column":8},"end":{"line":50,"column":90}},"22":{"start":{"line":55,"column":24},"end":{"line":74,"column":1}},"23":{"start":{"line":56,"column":4},"end":{"line":73,"column":5}},"24":{"start":{"line":58,"column":26},"end":{"line":58,"column":100}},"25":{"start":{"line":59,"column":8},"end":{"line":61,"column":9}},"26":{"start":{"line":60,"column":12},"end":{"line":60,"column":79}},"27":{"start":{"line":63,"column":26},"end":{"line":63,"column":102}},"28":{"start":{"line":64,"column":8},"end":{"line":66,"column":9}},"29":{"start":{"line":65,"column":12},"end":{"line":65,"column":76}},"30":{"start":{"line":67,"column":8},"end":{"line":70,"column":11}},"31":{"start":{"line":72,"column":8},"end":{"line":72,"column":90}},"32":{"start":{"line":77,"column":24},"end":{"line":89,"column":1}},"33":{"start":{"line":78,"column":4},"end":{"line":88,"column":5}},"34":{"start":{"line":79,"column":26},"end":{"line":79,"column":92}},"35":{"start":{"line":80,"column":8},"end":{"line":82,"column":9}},"36":{"start":{"line":81,"column":12},"end":{"line":81,"column":76}},"37":{"start":{"line":83,"column":8},"end":{"line":85,"column":11}},"38":{"start":{"line":87,"column":8},"end":{"line":87,"column":90}},"39":{"start":{"line":92,"column":23},"end":{"line":103,"column":1}},"40":{"start":{"line":93,"column":4},"end":{"line":102,"column":5}},"41":{"start":{"line":94,"column":25},"end":{"line":94,"column":34}},"42":{"start":{"line":95,"column":23},"end":{"line":95,"column":90}},"43":{"start":{"line":96,"column":8},"end":{"line":99,"column":11}},"44":{"start":{"line":101,"column":8},"end":{"line":101,"column":95}},"45":{"start":{"line":106,"column":26},"end":{"line":116,"column":1}},"46":{"start":{"line":107,"column":4},"end":{"line":115,"column":5}},"47":{"start":{"line":108,"column":22},"end":{"line":108,"column":75}},"48":{"start":{"line":109,"column":8},"end":{"line":112,"column":11}},"49":{"start":{"line":114,"column":8},"end":{"line":114,"column":101}},"50":{"start":{"line":118,"column":0},"end":{"line":126,"column":2}}},"fnMap":{"0":{"name":"(anonymous_0)","decl":{"start":{"line":5,"column":24},"end":{"line":5,"column":25}},"loc":{"start":{"line":5,"column":44},"end":{"line":22,"column":1}},"line":5},"1":{"name":"(anonymous_1)","decl":{"start":{"line":25,"column":25},"end":{"line":25,"column":26}},"loc":{"start":{"line":25,"column":45},"end":{"line":36,"column":1}},"line":25},"2":{"name":"(anonymous_2)","decl":{"start":{"line":39,"column":21},"end":{"line":39,"column":22}},"loc":{"start":{"line":39,"column":41},"end":{"line":52,"column":1}},"line":39},"3":{"name":"(anonymous_3)","decl":{"start":{"line":55,"column":24},"end":{"line":55,"column":25}},"loc":{"start":{"line":55,"column":44},"end":{"line":74,"column":1}},"line":55},"4":{"name":"(anonymous_4)","decl":{"start":{"line":77,"column":24},"end":{"line":77,"column":25}},"loc":{"start":{"line":77,"column":44},"end":{"line":89,"column":1}},"line":77},"5":{"name":"(anonymous_5)","decl":{"start":{"line":92,"column":23},"end":{"line":92,"column":24}},"loc":{"start":{"line":92,"column":43},"end":{"line":103,"column":1}},"line":92},"6":{"name":"(anonymous_6)","decl":{"start":{"line":106,"column":26},"end":{"line":106,"column":27}},"loc":{"start":{"line":106,"column":46},"end":{"line":116,"column":1}},"line":106}},"branchMap":{"0":{"loc":{"start":{"line":9,"column":8},"end":{"line":11,"column":9}},"type":"if","locations":[{"start":{"line":9,"column":8},"end":{"line":11,"column":9}},{"start":{},"end":{}}],"line":9},"1":{"loc":{"start":{"line":42,"column":8},"end":{"line":44,"column":9}},"type":"if","locations":[{"start":{"line":42,"column":8},"end":{"line":44,"column":9}},{"start":{},"end":{}}],"line":42},"2":{"loc":{"start":{"line":59,"column":8},"end":{"line":61,"column":9}},"type":"if","locations":[{"start":{"line":59,"column":8},"end":{"line":61,"column":9}},{"start":{},"end":{}}],"line":59},"3":{"loc":{"start":{"line":64,"column":8},"end":{"line":66,"column":9}},"type":"if","locations":[{"start":{"line":64,"column":8},"end":{"line":66,"column":9}},{"start":{},"end":{}}],"line":64},"4":{"loc":{"start":{"line":80,"column":8},"end":{"line":82,"column":9}},"type":"if","locations":[{"start":{"line":80,"column":8},"end":{"line":82,"column":9}},{"start":{},"end":{}}],"line":80}},"s":{"0":2,"1":2,"2":2,"3":1,"4":1,"5":1,"6":0,"7":1,"8":1,"9":0,"10":2,"11":0,"12":0,"13":0,"14":0,"15":2,"16":1,"17":1,"18":1,"19":1,"20":0,"21":0,"22":2,"23":0,"24":0,"25":0,"26":0,"27":0,"28":0,"29":0,"30":0,"31":0,"32":2,"33":0,"34":0,"35":0,"36":0,"37":0,"38":0,"39":2,"40":0,"41":0,"42":0,"43":0,"44":0,"45":2,"46":0,"47":0,"48":0,"49":0,"50":2},"f":{"0":1,"1":0,"2":1,"3":0,"4":0,"5":0,"6":0},"b":{"0":[0,1],"1":[1,0],"2":[0,0],"3":[0,0],"4":[0,0]},"_coverageSchema":"1a1c01bbd47fc00a2c39e90264f33305004495a9","hash":"078b7d23d46b2fd1b06858fc4a993dcd4a337f16"}
,"D:\\Programming\\SLIIT\\AF\\flux-energy-audit\\backend\\src\\controllers\\carbonFootprintTracker.controller.js": {"path":"D:\\Programming\\SLIIT\\AF\\flux-energy-audit\\backend\\src\\controllers\\carbonFootprintTracker.controller.js","statementMap":{"0":{"start":{"line":1,"column":22},"end":{"line":1,"column":75}},"1":{"start":{"line":2,"column":51},"end":{"line":2,"column":110}},"2":{"start":{"line":5,"column":19},"end":{"line":12,"column":1}},"3":{"start":{"line":6,"column":4},"end":{"line":11,"column":5}},"4":{"start":{"line":7,"column":24},"end":{"line":7,"column":64}},"5":{"start":{"line":8,"column":8},"end":{"line":8,"column":38}},"6":{"start":{"line":10,"column":8},"end":{"line":10,"column":57}},"7":{"start":{"line":15,"column":18},"end":{"line":22,"column":1}},"8":{"start":{"line":16,"column":4},"end":{"line":21,"column":5}},"9":{"start":{"line":17,"column":23},"end":{"line":17,"column":81}},"10":{"start":{"line":18,"column":8},"end":{"line":18,"column":37}},"11":{"start":{"line":20,"column":8},"end":{"line":20,"column":57}},"12":{"start":{"line":25,"column":21},"end":{"line":37,"column":1}},"13":{"start":{"line":26,"column":4},"end":{"line":36,"column":5}},"14":{"start":{"line":27,"column":26},"end":{"line":27,"column":63}},"15":{"start":{"line":28,"column":8},"end":{"line":30,"column":9}},"16":{"start":{"line":29,"column":12},"end":{"line":29,"column":79}},"17":{"start":{"line":32,"column":23},"end":{"line":32,"column":75}},"18":{"start":{"line":33,"column":8},"end":{"line":33,"column":37}},"19":{"start":{"line":35,"column":8},"end":{"line":35,"column":57}},"20":{"start":{"line":40,"column":21},"end":{"line":52,"column":1}},"21":{"start":{"line":41,"column":4},"end":{"line":51,"column":5}},"22":{"start":{"line":42,"column":26},"end":{"line":42,"column":63}},"23":{"start":{"line":43,"column":8},"end":{"line":45,"column":9}},"24":{"start":{"line":44,"column":12},"end":{"line":44,"column":79}},"25":{"start":{"line":47,"column":23},"end":{"line":47,"column":90}},"26":{"start":{"line":48,"column":8},"end":{"line":48,"column":37}},"27":{"start":{"line":50,"column":8},"end":{"line":50,"column":57}},"28":{"start":{"line":55,"column":21},"end":{"line":62,"column":1}},"29":{"start":{"line":56,"column":4},"end":{"line":61,"column":5}},"30":{"start":{"line":57,"column":23},"end":{"line":57,"column":80}},"31":{"start":{"line":58,"column":8},"end":{"line":58,"column":37}},"32":{"start":{"line":60,"column":8},"end":{"line":60,"column":57}},"33":{"start":{"line":64,"column":0},"end":{"line":70,"column":2}}},"fnMap":{"0":{"name":"(anonymous_0)","decl":{"start":{"line":5,"column":19},"end":{"line":5,"column":20}},"loc":{"start":{"line":5,"column":39},"end":{"line":12,"column":1}},"line":5},"1":{"name":"(anonymous_1)","decl":{"start":{"line":15,"column":18},"end":{"line":15,"column":19}},"loc":{"start":{"line":15,"column":38},"end":{"line":22,"column":1}},"line":15},"2":{"name":"(anonymous_2)","decl":{"start":{"line":25,"column":21},"end":{"line":25,"column":22}},"loc":{"start":{"line":25,"column":41},"end":{"line":37,"column":1}},"line":25},"3":{"name":"(anonymous_3)","decl":{"start":{"line":40,"column":21},"end":{"line":40,"column":22}},"loc":{"start":{"line":40,"column":41},"end":{"line":52,"column":1}},"line":40},"4":{"name":"(anonymous_4)","decl":{"start":{"line":55,"column":21},"end":{"line":55,"column":22}},"loc":{"start":{"line":55,"column":41},"end":{"line":62,"column":1}},"line":55}},"branchMap":{"0":{"loc":{"start":{"line":28,"column":8},"end":{"line":30,"column":9}},"type":"if","locations":[{"start":{"line":28,"column":8},"end":{"line":30,"column":9}},{"start":{},"end":{}}],"line":28},"1":{"loc":{"start":{"line":43,"column":8},"end":{"line":45,"column":9}},"type":"if","locations":[{"start":{"line":43,"column":8},"end":{"line":45,"column":9}},{"start":{},"end":{}}],"line":43}},"s":{"0":1,"1":1,"2":1,"3":0,"4":0,"5":0,"6":0,"7":1,"8":0,"9":0,"10":0,"11":0,"12":1,"13":0,"14":0,"15":0,"16":0,"17":0,"18":0,"19":0,"20":1,"21":0,"22":0,"23":0,"24":0,"25":0,"26":0,"27":0,"28":1,"29":0,"30":0,"31":0,"32":0,"33":1},"f":{"0":0,"1":0,"2":0,"3":0,"4":0},"b":{"0":[0,0],"1":[0,0]},"_coverageSchema":"1a1c01bbd47fc00a2c39e90264f33305004495a9","hash":"f4962e52fa10567c32b2335f63da2e5bf9663aa5"}
,"D:\\Programming\\SLIIT\\AF\\flux-energy-audit\\backend\\src\\controllers\\costGoal.controller.js": {"path":"D:\\Programming\\SLIIT\\AF\\flux-energy-audit\\backend\\src\\controllers\\costGoal.controller.js","statementMap":{"0":{"start":{"line":1,"column":24},"end":{"line":1,"column":63}},"1":{"start":{"line":2,"column":35},"end":{"line":2,"column":80}},"2":{"start":{"line":7,"column":15},"end":{"line":28,"column":1}},"3":{"start":{"line":8,"column":4},"end":{"line":27,"column":5}},"4":{"start":{"line":9,"column":26},"end":{"line":9,"column":55}},"5":{"start":{"line":10,"column":8},"end":{"line":12,"column":9}},"6":{"start":{"line":11,"column":12},"end":{"line":11,"column":79}},"7":{"start":{"line":14,"column":21},"end":{"line":14,"column":77}},"8":{"start":{"line":15,"column":8},"end":{"line":15,"column":35}},"9":{"start":{"line":17,"column":8},"end":{"line":19,"column":9}},"10":{"start":{"line":18,"column":12},"end":{"line":18,"column":68}},"11":{"start":{"line":20,"column":8},"end":{"line":22,"column":9}},"12":{"start":{"line":21,"column":12},"end":{"line":21,"column":68}},"13":{"start":{"line":23,"column":8},"end":{"line":25,"column":9}},"14":{"start":{"line":24,"column":12},"end":{"line":24,"column":68}},"15":{"start":{"line":26,"column":8},"end":{"line":26,"column":57}},"16":{"start":{"line":31,"column":13},"end":{"line":38,"column":1}},"17":{"start":{"line":32,"column":4},"end":{"line":37,"column":5}},"18":{"start":{"line":33,"column":22},"end":{"line":33,"column":66}},"19":{"start":{"line":34,"column":8},"end":{"line":34,"column":36}},"20":{"start":{"line":36,"column":8},"end":{"line":36,"column":57}},"21":{"start":{"line":41,"column":16},"end":{"line":48,"column":1}},"22":{"start":{"line":42,"column":4},"end":{"line":47,"column":5}},"23":{"start":{"line":43,"column":21},"end":{"line":43,"column":83}},"24":{"start":{"line":44,"column":8},"end":{"line":44,"column":35}},"25":{"start":{"line":46,"column":8},"end":{"line":46,"column":57}},"26":{"start":{"line":51,"column":15},"end":{"line":69,"column":1}},"27":{"start":{"line":52,"column":4},"end":{"line":68,"column":5}},"28":{"start":{"line":53,"column":26},"end":{"line":53,"column":55}},"29":{"start":{"line":54,"column":8},"end":{"line":56,"column":9}},"30":{"start":{"line":55,"column":12},"end":{"line":55,"column":79}},"31":{"start":{"line":58,"column":21},"end":{"line":58,"column":92}},"32":{"start":{"line":59,"column":8},"end":{"line":59,"column":35}},"33":{"start":{"line":61,"column":8},"end":{"line":63,"column":9}},"34":{"start":{"line":62,"column":12},"end":{"line":62,"column":68}},"35":{"start":{"line":64,"column":8},"end":{"line":66,"column":9}},"36":{"start":{"line":65,"column":12},"end":{"line":65,"column":68}},"37":{"start":{"line":67,"column":8},"end":{"line":67,"column":57}},"38":{"start":{"line":72,"column":15},"end":{"line":82,"column":1}},"39":{"start":{"line":73,"column":4},"end":{"line":81,"column":5}},"40":{"start":{"line":74,"column":23},"end":{"line":74,"column":84}},"41":{"start":{"line":75,"column":8},"end":{"line":75,"column":37}},"42":{"start":{"line":77,"column":8},"end":{"line":79,"column":9}},"43":{"start":{"line":78,"column":12},"end":{"line":78,"column":68}},"44":{"start":{"line":80,"column":8},"end":{"line":80,"column":57}},"45":{"start":{"line":84,"column":0},"end":{"line":90,"column":2}}},"fnMap":{"0":{"name":"(anonymous_0)","decl":{"start":{"line":7,"column":15},"end":{"line":7,"column":16}},"loc":{"start":{"line":7,"column":35},"end":{"line":28,"column":1}},"line":7},"1":{"name":"(anonymous_1)","decl":{"start":{"line":31,"column":13},"end":{"line":31,"column":14}},"loc":{"start":{"line":31,"column":33},"end":{"line":38,"column":1}},"line":31},"2":{"name":"(anonymous_2)","decl":{"start":{"line":41,"column":16},"end":{"line":41,"column":17}},"loc":{"start":{"line":41,"column":36},"end":{"line":48,"column":1}},"line":41},"3":{"name":"(anonymous_3)","decl":{"start":{"line":51,"column":15},"end":{"line":51,"column":16}},"loc":{"start":{"line":51,"column":35},"end":{"line":69,"column":1}},"line":51},"4":{"name":"(anonymous_4)","decl":{"start":{"line":72,"column":15},"end":{"line":72,"column":16}},"loc":{"start":{"line":72,"column":35},"end":{"line":82,"column":1}},"line":72}},"branchMap":{"0":{"loc":{"start":{"line":10,"column":8},"end":{"line":12,"column":9}},"type":"if","locations":[{"start":{"line":10,"column":8},"end":{"line":12,"column":9}},{"start":{},"end":{}}],"line":10},"1":{"loc":{"start":{"line":17,"column":8},"end":{"line":19,"column":9}},"type":"if","locations":[{"start":{"line":17,"column":8},"end":{"line":19,"column":9}},{"start":{},"end":{}}],"line":17},"2":{"loc":{"start":{"line":20,"column":8},"end":{"line":22,"column":9}},"type":"if","locations":[{"start":{"line":20,"column":8},"end":{"line":22,"column":9}},{"start":{},"end":{}}],"line":20},"3":{"loc":{"start":{"line":23,"column":8},"end":{"line":25,"column":9}},"type":"if","locations":[{"start":{"line":23,"column":8},"end":{"line":25,"column":9}},{"start":{},"end":{}}],"line":23},"4":{"loc":{"start":{"line":54,"column":8},"end":{"line":56,"column":9}},"type":"if","locations":[{"start":{"line":54,"column":8},"end":{"line":56,"column":9}},{"start":{},"end":{}}],"line":54},"5":{"loc":{"start":{"line":61,"column":8},"end":{"line":63,"column":9}},"type":"if","locations":[{"start":{"line":61,"column":8},"end":{"line":63,"column":9}},{"start":{},"end":{}}],"line":61},"6":{"loc":{"start":{"line":64,"column":8},"end":{"line":66,"column":9}},"type":"if","locations":[{"start":{"line":64,"column":8},"end":{"line":66,"column":9}},{"start":{},"end":{}}],"line":64},"7":{"loc":{"start":{"line":77,"column":8},"end":{"line":79,"column":9}},"type":"if","locations":[{"start":{"line":77,"column":8},"end":{"line":79,"column":9}},{"start":{},"end":{}}],"line":77}},"s":{"0":1,"1":1,"2":1,"3":1,"4":1,"5":1,"6":0,"7":1,"8":1,"9":0,"10":0,"11":0,"12":0,"13":0,"14":0,"15":0,"16":1,"17":0,"18":0,"19":0,"20":0,"21":1,"22":0,"23":0,"24":0,"25":0,"26":1,"27":0,"28":0,"29":0,"30":0,"31":0,"32":0,"33":0,"34":0,"35":0,"36":0,"37":0,"38":1,"39":0,"40":0,"41":0,"42":0,"43":0,"44":0,"45":1},"f":{"0":1,"1":0,"2":0,"3":0,"4":0},"b":{"0":[0,1],"1":[0,0],"2":[0,0],"3":[0,0],"4":[0,0],"5":[0,0],"6":[0,0],"7":[0,0]},"_coverageSchema":"1a1c01bbd47fc00a2c39e90264f33305004495a9","hash":"092df6fbdc3ac05c4930593ccb61150925dc515c"}
,"D:\\Programming\\SLIIT\\AF\\flux-energy-audit\\backend\\src\\controllers\\costManagement.controller.js": {"path":"D:\\Programming\\SLIIT\\AF\\flux-energy-audit\\backend\\src\\controllers\\costManagement.controller.js","statementMap":{"0":{"start":{"line":1,"column":20},"end":{"line":1,"column":65}},"1":{"start":{"line":2,"column":49},"end":{"line":2,"column":100}},"2":{"start":{"line":3,"column":28},"end":{"line":3,"column":67}},"3":{"start":{"line":4,"column":11},"end":{"line":4,"column":24}},"4":{"start":{"line":5,"column":13},"end":{"line":5,"column":28}},"5":{"start":{"line":9,"column":31},"end":{"line":18,"column":2}},"6":{"start":{"line":9,"column":42},"end":{"line":18,"column":1}},"7":{"start":{"line":20,"column":31},"end":{"line":40,"column":1}},"8":{"start":{"line":21,"column":20},"end":{"line":23,"column":5}},"9":{"start":{"line":25,"column":4},"end":{"line":27,"column":5}},"10":{"start":{"line":26,"column":8},"end":{"line":26,"column":95}},"11":{"start":{"line":28,"column":4},"end":{"line":30,"column":5}},"12":{"start":{"line":29,"column":8},"end":{"line":29,"column":91}},"13":{"start":{"line":31,"column":4},"end":{"line":33,"column":5}},"14":{"start":{"line":32,"column":8},"end":{"line":32,"column":47}},"15":{"start":{"line":34,"column":4},"end":{"line":37,"column":5}},"16":{"start":{"line":35,"column":26},"end":{"line":35,"column":61}},"17":{"start":{"line":36,"column":8},"end":{"line":36,"column":91}},"18":{"start":{"line":39,"column":4},"end":{"line":39,"column":19}},"19":{"start":{"line":42,"column":27},"end":{"line":48,"column":1}},"20":{"start":{"line":43,"column":4},"end":{"line":45,"column":5}},"21":{"start":{"line":44,"column":8},"end":{"line":44,"column":15}},"22":{"start":{"line":47,"column":4},"end":{"line":47,"column":43}},"23":{"start":{"line":50,"column":34},"end":{"line":57,"column":1}},"24":{"start":{"line":51,"column":4},"end":{"line":53,"column":5}},"25":{"start":{"line":52,"column":8},"end":{"line":52,"column":20}},"26":{"start":{"line":55,"column":27},"end":{"line":55,"column":58}},"27":{"start":{"line":56,"column":4},"end":{"line":56,"column":60}},"28":{"start":{"line":60,"column":15},"end":{"line":100,"column":1}},"29":{"start":{"line":61,"column":4},"end":{"line":99,"column":5}},"30":{"start":{"line":62,"column":24},"end":{"line":62,"column":56}},"31":{"start":{"line":63,"column":26},"end":{"line":63,"column":54}},"32":{"start":{"line":64,"column":8},"end":{"line":66,"column":9}},"33":{"start":{"line":65,"column":12},"end":{"line":65,"column":79}},"34":{"start":{"line":68,"column":8},"end":{"line":83,"column":9}},"35":{"start":{"line":69,"column":12},"end":{"line":74,"column":14}},"36":{"start":{"line":76,"column":12},"end":{"line":82,"column":15}},"37":{"start":{"line":85,"column":21},"end":{"line":85,"column":72}},"38":{"start":{"line":86,"column":8},"end":{"line":86,"column":35}},"39":{"start":{"line":88,"column":8},"end":{"line":90,"column":9}},"40":{"start":{"line":89,"column":12},"end":{"line":89,"column":52}},"41":{"start":{"line":92,"column":8},"end":{"line":94,"column":9}},"42":{"start":{"line":93,"column":12},"end":{"line":93,"column":68}},"43":{"start":{"line":95,"column":8},"end":{"line":97,"column":9}},"44":{"start":{"line":96,"column":12},"end":{"line":96,"column":68}},"45":{"start":{"line":98,"column":8},"end":{"line":98,"column":57}},"46":{"start":{"line":103,"column":13},"end":{"line":110,"column":1}},"47":{"start":{"line":104,"column":4},"end":{"line":109,"column":5}},"48":{"start":{"line":105,"column":22},"end":{"line":105,"column":62}},"49":{"start":{"line":106,"column":8},"end":{"line":106,"column":36}},"50":{"start":{"line":108,"column":8},"end":{"line":108,"column":57}},"51":{"start":{"line":113,"column":16},"end":{"line":126,"column":1}},"52":{"start":{"line":114,"column":4},"end":{"line":125,"column":5}},"53":{"start":{"line":115,"column":21},"end":{"line":115,"column":79}},"54":{"start":{"line":116,"column":8},"end":{"line":116,"column":35}},"55":{"start":{"line":118,"column":8},"end":{"line":120,"column":9}},"56":{"start":{"line":119,"column":12},"end":{"line":119,"column":72}},"57":{"start":{"line":121,"column":8},"end":{"line":123,"column":9}},"58":{"start":{"line":122,"column":12},"end":{"line":122,"column":68}},"59":{"start":{"line":124,"column":8},"end":{"line":124,"column":57}},"60":{"start":{"line":129,"column":15},"end":{"line":178,"column":1}},"61":{"start":{"line":130,"column":4},"end":{"line":177,"column":5}},"62":{"start":{"line":131,"column":24},"end":{"line":131,"column":56}},"63":{"start":{"line":132,"column":26},"end":{"line":132,"column":54}},"64":{"start":{"line":133,"column":8},"end":{"line":135,"column":9}},"65":{"start":{"line":134,"column":12},"end":{"line":134,"column":79}},"66":{"start":{"line":137,"column":8},"end":{"line":153,"column":9}},"67":{"start":{"line":138,"column":12},"end":{"line":143,"column":14}},"68":{"start":{"line":145,"column":12},"end":{"line":152,"column":15}},"69":{"start":{"line":155,"column":54},"end":{"line":155,"column":120}},"70":{"start":{"line":157,"column":8},"end":{"line":160,"column":9}},"71":{"start":{"line":158,"column":44},"end":{"line":158,"column":91}},"72":{"start":{"line":159,"column":12},"end":{"line":159,"column":62}},"73":{"start":{"line":162,"column":8},"end":{"line":162,"column":42}},"74":{"start":{"line":164,"column":8},"end":{"line":166,"column":9}},"75":{"start":{"line":165,"column":12},"end":{"line":165,"column":52}},"76":{"start":{"line":167,"column":8},"end":{"line":169,"column":9}},"77":{"start":{"line":168,"column":12},"end":{"line":168,"column":68}},"78":{"start":{"line":170,"column":8},"end":{"line":172,"column":9}},"79":{"start":{"line":171,"column":12},"end":{"line":171,"column":68}},"80":{"start":{"line":173,"column":8},"end":{"line":175,"column":9}},"81":{"start":{"line":174,"column":12},"end":{"line":174,"column":68}},"82":{"start":{"line":176,"column":8},"end":{"line":176,"column":57}},"83":{"start":{"line":181,"column":15},"end":{"line":196,"column":1}},"84":{"start":{"line":182,"column":4},"end":{"line":195,"column":5}},"85":{"start":{"line":183,"column":23},"end":{"line":183,"column":80}},"86":{"start":{"line":184,"column":37},"end":{"line":184,"column":83}},"87":{"start":{"line":185,"column":8},"end":{"line":185,"column":55}},"88":{"start":{"line":186,"column":8},"end":{"line":186,"column":58}},"89":{"start":{"line":188,"column":8},"end":{"line":190,"column":9}},"90":{"start":{"line":189,"column":12},"end":{"line":189,"column":72}},"91":{"start":{"line":191,"column":8},"end":{"line":193,"column":9}},"92":{"start":{"line":192,"column":12},"end":{"line":192,"column":68}},"93":{"start":{"line":194,"column":8},"end":{"line":194,"column":57}},"94":{"start":{"line":199,"column":17},"end":{"line":217,"column":1}},"95":{"start":{"line":200,"column":4},"end":{"line":216,"column":5}},"96":{"start":{"line":201,"column":33},"end":{"line":201,"column":64}},"97":{"start":{"line":202,"column":8},"end":{"line":204,"column":9}},"98":{"start":{"line":203,"column":12},"end":{"line":203,"column":79}},"99":{"start":{"line":206,"column":27},"end":{"line":206,"column":72}},"100":{"start":{"line":207,"column":8},"end":{"line":207,"column":41}},"101":{"start":{"line":209,"column":8},"end":{"line":214,"column":9}},"102":{"start":{"line":213,"column":12},"end":{"line":213,"column":68}},"103":{"start":{"line":215,"column":8},"end":{"line":215,"column":57}},"104":{"start":{"line":220,"column":25},"end":{"line":243,"column":1}},"105":{"start":{"line":221,"column":4},"end":{"line":242,"column":5}},"106":{"start":{"line":222,"column":21},"end":{"line":222,"column":79}},"107":{"start":{"line":223,"column":8},"end":{"line":225,"column":9}},"108":{"start":{"line":224,"column":12},"end":{"line":224,"column":75}},"109":{"start":{"line":227,"column":29},"end":{"line":227,"column":74}},"110":{"start":{"line":228,"column":8},"end":{"line":230,"column":9}},"111":{"start":{"line":229,"column":12},"end":{"line":229,"column":75}},"112":{"start":{"line":232,"column":29},"end":{"line":232,"column":86}},"113":{"start":{"line":233,"column":8},"end":{"line":233,"column":56}},"114":{"start":{"line":235,"column":8},"end":{"line":237,"column":9}},"115":{"start":{"line":236,"column":12},"end":{"line":236,"column":72}},"116":{"start":{"line":238,"column":8},"end":{"line":240,"column":9}},"117":{"start":{"line":239,"column":12},"end":{"line":239,"column":68}},"118":{"start":{"line":241,"column":8},"end":{"line":241,"column":64}},"119":{"start":{"line":246,"column":22},"end":{"line":254,"column":1}},"120":{"start":{"line":247,"column":4},"end":{"line":253,"column":5}},"121":{"start":{"line":248,"column":25},"end":{"line":248,"column":70}},"122":{"start":{"line":249,"column":8},"end":{"line":249,"column":39}},"123":{"start":{"line":251,"column":8},"end":{"line":251,"column":59}},"124":{"start":{"line":252,"column":8},"end":{"line":252,"column":74}},"125":{"start":{"line":256,"column":0},"end":{"line":265,"column":2}}},"fnMap":{"0":{"name":"(anonymous_0)","decl":{"start":{"line":9,"column":31},"end":{"line":9,"column":32}},"loc":{"start":{"line":9,"column":42},"end":{"line":18,"column":1}},"line":9},"1":{"name":"(anonymous_1)","decl":{"start":{"line":20,"column":31},"end":{"line":20,"column":32}},"loc":{"start":{"line":20,"column":41},"end":{"line":40,"column":1}},"line":20},"2":{"name":"(anonymous_2)","decl":{"start":{"line":42,"column":27},"end":{"line":42,"column":28}},"loc":{"start":{"line":42,"column":51},"end":{"line":48,"column":1}},"line":42},"3":{"name":"(anonymous_3)","decl":{"start":{"line":50,"column":34},"end":{"line":50,"column":35}},"loc":{"start":{"line":50,"column":52},"end":{"line":57,"column":1}},"line":50},"4":{"name":"(anonymous_4)","decl":{"start":{"line":60,"column":15},"end":{"line":60,"column":16}},"loc":{"start":{"line":60,"column":35},"end":{"line":100,"column":1}},"line":60},"5":{"name":"(anonymous_5)","decl":{"start":{"line":103,"column":13},"end":{"line":103,"column":14}},"loc":{"start":{"line":103,"column":33},"end":{"line":110,"column":1}},"line":103},"6":{"name":"(anonymous_6)","decl":{"start":{"line":113,"column":16},"end":{"line":113,"column":17}},"loc":{"start":{"line":113,"column":36},"end":{"line":126,"column":1}},"line":113},"7":{"name":"(anonymous_7)","decl":{"start":{"line":129,"column":15},"end":{"line":129,"column":16}},"loc":{"start":{"line":129,"column":35},"end":{"line":178,"column":1}},"line":129},"8":{"name":"(anonymous_8)","decl":{"start":{"line":181,"column":15},"end":{"line":181,"column":16}},"loc":{"start":{"line":181,"column":35},"end":{"line":196,"column":1}},"line":181},"9":{"name":"(anonymous_9)","decl":{"start":{"line":199,"column":17},"end":{"line":199,"column":18}},"loc":{"start":{"line":199,"column":37},"end":{"line":217,"column":1}},"line":199},"10":{"name":"(anonymous_10)","decl":{"start":{"line":220,"column":25},"end":{"line":220,"column":26}},"loc":{"start":{"line":220,"column":45},"end":{"line":243,"column":1}},"line":220},"11":{"name":"(anonymous_11)","decl":{"start":{"line":246,"column":22},"end":{"line":246,"column":23}},"loc":{"start":{"line":246,"column":42},"end":{"line":254,"column":1}},"line":246}},"branchMap":{"0":{"loc":{"start":{"line":10,"column":11},"end":{"line":10,"column":81}},"type":"cond-expr","locations":[{"start":{"line":10,"column":44},"end":{"line":10,"column":68}},{"start":{"line":10,"column":71},"end":{"line":10,"column":81}}],"line":10},"1":{"loc":{"start":{"line":11,"column":10},"end":{"line":11,"column":77}},"type":"cond-expr","locations":[{"start":{"line":11,"column":42},"end":{"line":11,"column":65}},{"start":{"line":11,"column":68},"end":{"line":11,"column":77}}],"line":11},"2":{"loc":{"start":{"line":12,"column":17},"end":{"line":12,"column":50}},"type":"binary-expr","locations":[{"start":{"line":12,"column":17},"end":{"line":12,"column":33}},{"start":{"line":12,"column":37},"end":{"line":12,"column":50}}],"line":12},"3":{"loc":{"start":{"line":14,"column":8},"end":{"line":16,"column":129}},"type":"cond-expr","locations":[{"start":{"line":15,"column":14},"end":{"line":15,"column":37}},{"start":{"line":16,"column":14},"end":{"line":16,"column":129}}],"line":14},"4":{"loc":{"start":{"line":16,"column":14},"end":{"line":16,"column":129}},"type":"binary-expr","locations":[{"start":{"line":16,"column":14},"end":{"line":16,"column":25}},{"start":{"line":16,"column":30},"end":{"line":16,"column":128}}],"line":16},"5":{"loc":{"start":{"line":16,"column":30},"end":{"line":16,"column":128}},"type":"cond-expr","locations":[{"start":{"line":16,"column":73},"end":{"line":16,"column":105}},{"start":{"line":16,"column":108},"end":{"line":16,"column":128}}],"line":16},"6":{"loc":{"start":{"line":25,"column":4},"end":{"line":27,"column":5}},"type":"if","locations":[{"start":{"line":25,"column":4},"end":{"line":27,"column":5}},{"start":{},"end":{}}],"line":25},"7":{"loc":{"start":{"line":26,"column":24},"end":{"line":26,"column":94}},"type":"cond-expr","locations":[{"start":{"line":26,"column":57},"end":{"line":26,"column":81}},{"start":{"line":26,"column":84},"end":{"line":26,"column":94}}],"line":26},"8":{"loc":{"start":{"line":28,"column":4},"end":{"line":30,"column":5}},"type":"if","locations":[{"start":{"line":28,"column":4},"end":{"line":30,"column":5}},{"start":{},"end":{}}],"line":28},"9":{"loc":{"start":{"line":29,"column":23},"end":{"line":29,"column":90}},"type":"cond-expr","locations":[{"start":{"line":29,"column":55},"end":{"line":29,"column":78}},{"start":{"line":29,"column":81},"end":{"line":29,"column":90}}],"line":29},"10":{"loc":{"start":{"line":31,"column":4},"end":{"line":33,"column":5}},"type":"if","locations":[{"start":{"line":31,"column":4},"end":{"line":33,"column":5}},{"start":{},"end":{}}],"line":31},"11":{"loc":{"start":{"line":34,"column":4},"end":{"line":37,"column":5}},"type":"if","locations":[{"start":{"line":34,"column":4},"end":{"line":37,"column":5}},{"start":{},"end":{}}],"line":34},"12":{"loc":{"start":{"line":34,"column":8},"end":{"line":34,"column":71}},"type":"binary-expr","locations":[{"start":{"line":34,"column":8},"end":{"line":34,"column":33}},{"start":{"line":34,"column":37},"end":{"line":34,"column":71}}],"line":34},"13":{"loc":{"start":{"line":35,"column":26},"end":{"line":35,"column":61}},"type":"binary-expr","locations":[{"start":{"line":35,"column":26},"end":{"line":35,"column":37}},{"start":{"line":35,"column":41},"end":{"line":35,"column":61}}],"line":35},"14":{"loc":{"start":{"line":36,"column":25},"end":{"line":36,"column":90}},"type":"cond-expr","locations":[{"start":{"line":36,"column":57},"end":{"line":36,"column":78}},{"start":{"line":36,"column":81},"end":{"line":36,"column":90}}],"line":36},"15":{"loc":{"start":{"line":43,"column":4},"end":{"line":45,"column":5}},"type":"if","locations":[{"start":{"line":43,"column":4},"end":{"line":45,"column":5}},{"start":{},"end":{}}],"line":43},"16":{"loc":{"start":{"line":43,"column":8},"end":{"line":43,"column":53}},"type":"binary-expr","locations":[{"start":{"line":43,"column":8},"end":{"line":43,"column":21}},{"start":{"line":43,"column":25},"end":{"line":43,"column":53}}],"line":43},"17":{"loc":{"start":{"line":51,"column":4},"end":{"line":53,"column":5}},"type":"if","locations":[{"start":{"line":51,"column":4},"end":{"line":53,"column":5}},{"start":{},"end":{}}],"line":51},"18":{"loc":{"start":{"line":64,"column":8},"end":{"line":66,"column":9}},"type":"if","locations":[{"start":{"line":64,"column":8},"end":{"line":66,"column":9}},{"start":{},"end":{}}],"line":64},"19":{"loc":{"start":{"line":68,"column":8},"end":{"line":83,"column":9}},"type":"if","locations":[{"start":{"line":68,"column":8},"end":{"line":83,"column":9}},{"start":{},"end":{}}],"line":68},"20":{"loc":{"start":{"line":88,"column":8},"end":{"line":90,"column":9}},"type":"if","locations":[{"start":{"line":88,"column":8},"end":{"line":90,"column":9}},{"start":{},"end":{}}],"line":88},"21":{"loc":{"start":{"line":92,"column":8},"end":{"line":94,"column":9}},"type":"if","locations":[{"start":{"line":92,"column":8},"end":{"line":94,"column":9}},{"start":{},"end":{}}],"line":92},"22":{"loc":{"start":{"line":95,"column":8},"end":{"line":97,"column":9}},"type":"if","locations":[{"start":{"line":95,"column":8},"end":{"line":97,"column":9}},{"start":{},"end":{}}],"line":95},"23":{"loc":{"start":{"line":118,"column":8},"end":{"line":120,"column":9}},"type":"if","locations":[{"start":{"line":118,"column":8},"end":{"line":120,"column":9}},{"start":{},"end":{}}],"line":118},"24":{"loc":{"start":{"line":121,"column":8},"end":{"line":123,"column":9}},"type":"if","locations":[{"start":{"line":121,"column":8},"end":{"line":123,"column":9}},{"start":{},"end":{}}],"line":121},"25":{"loc":{"start":{"line":133,"column":8},"end":{"line":135,"column":9}},"type":"if","locations":[{"start":{"line":133,"column":8},"end":{"line":135,"column":9}},{"start":{},"end":{}}],"line":133},"26":{"loc":{"start":{"line":137,"column":8},"end":{"line":153,"column":9}},"type":"if","locations":[{"start":{"line":137,"column":8},"end":{"line":153,"column":9}},{"start":{},"end":{}}],"line":137},"27":{"loc":{"start":{"line":157,"column":8},"end":{"line":160,"column":9}},"type":"if","locations":[{"start":{"line":157,"column":8},"end":{"line":160,"column":9}},{"start":{},"end":{}}],"line":157},"28":{"loc":{"start":{"line":164,"column":8},"end":{"line":166,"column":9}},"type":"if","locations":[{"start":{"line":164,"column":8},"end":{"line":166,"column":9}},{"start":{},"end":{}}],"line":164},"29":{"loc":{"start":{"line":167,"column":8},"end":{"line":169,"column":9}},"type":"if","locations":[{"start":{"line":167,"column":8},"end":{"line":169,"column":9}},{"start":{},"end":{}}],"line":167},"30":{"loc":{"start":{"line":170,"column":8},"end":{"line":172,"column":9}},"type":"if","locations":[{"start":{"line":170,"column":8},"end":{"line":172,"column":9}},{"start":{},"end":{}}],"line":170},"31":{"loc":{"start":{"line":173,"column":8},"end":{"line":175,"column":9}},"type":"if","locations":[{"start":{"line":173,"column":8},"end":{"line":175,"column":9}},{"start":{},"end":{}}],"line":173},"32":{"loc":{"start":{"line":188,"column":8},"end":{"line":190,"column":9}},"type":"if","locations":[{"start":{"line":188,"column":8},"end":{"line":190,"column":9}},{"start":{},"end":{}}],"line":188},"33":{"loc":{"start":{"line":191,"column":8},"end":{"line":193,"column":9}},"type":"if","locations":[{"start":{"line":191,"column":8},"end":{"line":193,"column":9}},{"start":{},"end":{}}],"line":191},"34":{"loc":{"start":{"line":202,"column":8},"end":{"line":204,"column":9}},"type":"if","locations":[{"start":{"line":202,"column":8},"end":{"line":204,"column":9}},{"start":{},"end":{}}],"line":202},"35":{"loc":{"start":{"line":209,"column":8},"end":{"line":214,"column":9}},"type":"if","locations":[{"start":{"line":209,"column":8},"end":{"line":214,"column":9}},{"start":{},"end":{}}],"line":209},"36":{"loc":{"start":{"line":210,"column":12},"end":{"line":211,"column":81}},"type":"binary-expr","locations":[{"start":{"line":210,"column":12},"end":{"line":210,"column":52}},{"start":{"line":211,"column":12},"end":{"line":211,"column":81}}],"line":210},"37":{"loc":{"start":{"line":223,"column":8},"end":{"line":225,"column":9}},"type":"if","locations":[{"start":{"line":223,"column":8},"end":{"line":225,"column":9}},{"start":{},"end":{}}],"line":223},"38":{"loc":{"start":{"line":228,"column":8},"end":{"line":230,"column":9}},"type":"if","locations":[{"start":{"line":228,"column":8},"end":{"line":230,"column":9}},{"start":{},"end":{}}],"line":228},"39":{"loc":{"start":{"line":228,"column":12},"end":{"line":228,"column":57}},"type":"binary-expr","locations":[{"start":{"line":228,"column":12},"end":{"line":228,"column":25}},{"start":{"line":228,"column":29},"end":{"line":228,"column":57}}],"line":228},"40":{"loc":{"start":{"line":232,"column":29},"end":{"line":232,"column":86}},"type":"binary-expr","locations":[{"start":{"line":232,"column":29},"end":{"line":232,"column":55}},{"start":{"line":232,"column":59},"end":{"line":232,"column":86}}],"line":232},"41":{"loc":{"start":{"line":235,"column":8},"end":{"line":237,"column":9}},"type":"if","locations":[{"start":{"line":235,"column":8},"end":{"line":237,"column":9}},{"start":{},"end":{}}],"line":235},"42":{"loc":{"start":{"line":238,"column":8},"end":{"line":240,"column":9}},"type":"if","locations":[{"start":{"line":238,"column":8},"end":{"line":240,"column":9}},{"start":{},"end":{}}],"line":238}},"s":{"0":2,"1":2,"2":2,"3":2,"4":2,"5":2,"6":1,"7":2,"8":0,"9":0,"10":0,"11":0,"12":0,"13":0,"14":0,"15":0,"16":0,"17":0,"18":0,"19":2,"20":0,"21":0,"22":0,"23":2,"24":0,"25":0,"26":0,"27":0,"28":2,"29":1,"30":1,"31":1,"32":1,"33":0,"34":1,"35":0,"36":0,"37":1,"38":1,"39":0,"40":0,"41":0,"42":0,"43":0,"44":0,"45":0,"46":2,"47":0,"48":0,"49":0,"50":0,"51":2,"52":0,"53":0,"54":0,"55":0,"56":0,"57":0,"58":0,"59":0,"60":2,"61":0,"62":0,"63":0,"64":0,"65":0,"66":0,"67":0,"68":0,"69":0,"70":0,"71":0,"72":0,"73":0,"74":0,"75":0,"76":0,"77":0,"78":0,"79":0,"80":0,"81":0,"82":0,"83":2,"84":0,"85":0,"86":0,"87":0,"88":0,"89":0,"90":0,"91":0,"92":0,"93":0,"94":2,"95":2,"96":2,"97":2,"98":1,"99":1,"100":1,"101":0,"102":0,"103":0,"104":2,"105":0,"106":0,"107":0,"108":0,"109":0,"110":0,"111":0,"112":0,"113":0,"114":0,"115":0,"116":0,"117":0,"118":0,"119":2,"120":2,"121":2,"122":2,"123":0,"124":0,"125":2},"f":{"0":1,"1":0,"2":0,"3":0,"4":1,"5":0,"6":0,"7":0,"8":0,"9":2,"10":0,"11":2},"b":{"0":[0,1],"1":[0,1],"2":[1,1],"3":[0,1],"4":[1,1],"5":[0,1],"6":[0,0],"7":[0,0],"8":[0,0],"9":[0,0],"10":[0,0],"11":[0,0],"12":[0,0],"13":[0,0],"14":[0,0],"15":[0,0],"16":[0,0],"17":[0,0],"18":[0,1],"19":[0,1],"20":[0,0],"21":[0,0],"22":[0,0],"23":[0,0],"24":[0,0],"25":[0,0],"26":[0,0],"27":[0,0],"28":[0,0],"29":[0,0],"30":[0,0],"31":[0,0],"32":[0,0],"33":[0,0],"34":[1,1],"35":[0,0],"36":[0,0],"37":[0,0],"38":[0,0],"39":[0,0],"40":[0,0],"41":[0,0],"42":[0,0]},"_coverageSchema":"1a1c01bbd47fc00a2c39e90264f33305004495a9","hash":"fd5e0b6a39e0e9a9bf788e685ebab0d125eab5c5"}
,"D:\\Programming\\SLIIT\\AF\\flux-energy-audit\\backend\\src\\controllers\\energyAuditManagement.controller.js": {"path":"D:\\Programming\\SLIIT\\AF\\flux-energy-audit\\backend\\src\\controllers\\energyAuditManagement.controller.js","statementMap":{"0":{"start":{"line":1,"column":27},"end":{"line":1,"column":79}},"1":{"start":{"line":2,"column":52},"end":{"line":2,"column":110}},"2":{"start":{"line":5,"column":0},"end":{"line":16,"column":2}},"3":{"start":{"line":6,"column":4},"end":{"line":15,"column":5}},"4":{"start":{"line":7,"column":26},"end":{"line":7,"column":56}},"5":{"start":{"line":8,"column":8},"end":{"line":8,"column":84}},"6":{"start":{"line":8,"column":19},"end":{"line":8,"column":84}},"7":{"start":{"line":10,"column":22},"end":{"line":10,"column":81}},"8":{"start":{"line":11,"column":8},"end":{"line":11,"column":36}},"9":{"start":{"line":13,"column":8},"end":{"line":13,"column":27}},"10":{"start":{"line":14,"column":8},"end":{"line":14,"column":56}},"11":{"start":{"line":19,"column":0},"end":{"line":27,"column":2}},"12":{"start":{"line":20,"column":4},"end":{"line":26,"column":5}},"13":{"start":{"line":21,"column":23},"end":{"line":21,"column":70}},"14":{"start":{"line":22,"column":8},"end":{"line":22,"column":25}},"15":{"start":{"line":24,"column":8},"end":{"line":24,"column":27}},"16":{"start":{"line":25,"column":8},"end":{"line":25,"column":56}},"17":{"start":{"line":30,"column":0},"end":{"line":39,"column":2}},"18":{"start":{"line":31,"column":4},"end":{"line":38,"column":5}},"19":{"start":{"line":32,"column":22},"end":{"line":32,"column":87}},"20":{"start":{"line":33,"column":8},"end":{"line":33,"column":24}},"21":{"start":{"line":35,"column":8},"end":{"line":35,"column":105}},"22":{"start":{"line":35,"column":47},"end":{"line":35,"column":105}},"23":{"start":{"line":36,"column":8},"end":{"line":36,"column":27}},"24":{"start":{"line":37,"column":8},"end":{"line":37,"column":56}},"25":{"start":{"line":42,"column":0},"end":{"line":54,"column":2}},"26":{"start":{"line":43,"column":4},"end":{"line":53,"column":5}},"27":{"start":{"line":44,"column":26},"end":{"line":44,"column":56}},"28":{"start":{"line":45,"column":8},"end":{"line":45,"column":84}},"29":{"start":{"line":45,"column":19},"end":{"line":45,"column":84}},"30":{"start":{"line":47,"column":22},"end":{"line":47,"column":96}},"31":{"start":{"line":48,"column":8},"end":{"line":48,"column":24}},"32":{"start":{"line":50,"column":8},"end":{"line":50,"column":105}},"33":{"start":{"line":50,"column":47},"end":{"line":50,"column":105}},"34":{"start":{"line":51,"column":8},"end":{"line":51,"column":27}},"35":{"start":{"line":52,"column":8},"end":{"line":52,"column":56}},"36":{"start":{"line":57,"column":0},"end":{"line":66,"column":2}},"37":{"start":{"line":58,"column":4},"end":{"line":65,"column":5}},"38":{"start":{"line":59,"column":8},"end":{"line":59,"column":73}},"39":{"start":{"line":60,"column":8},"end":{"line":60,"column":47}},"40":{"start":{"line":62,"column":8},"end":{"line":62,"column":105}},"41":{"start":{"line":62,"column":47},"end":{"line":62,"column":105}},"42":{"start":{"line":63,"column":8},"end":{"line":63,"column":27}},"43":{"start":{"line":64,"column":8},"end":{"line":64,"column":56}},"44":{"start":{"line":69,"column":0},"end":{"line":81,"column":2}},"45":{"start":{"line":70,"column":4},"end":{"line":80,"column":5}},"46":{"start":{"line":71,"column":26},"end":{"line":71,"column":58}},"47":{"start":{"line":72,"column":8},"end":{"line":72,"column":84}},"48":{"start":{"line":72,"column":19},"end":{"line":72,"column":84}},"49":{"start":{"line":74,"column":23},"end":{"line":74,"column":108}},"50":{"start":{"line":75,"column":8},"end":{"line":75,"column":25}},"51":{"start":{"line":77,"column":8},"end":{"line":77,"column":105}},"52":{"start":{"line":77,"column":47},"end":{"line":77,"column":105}},"53":{"start":{"line":78,"column":8},"end":{"line":78,"column":27}},"54":{"start":{"line":79,"column":8},"end":{"line":79,"column":56}},"55":{"start":{"line":84,"column":0},"end":{"line":96,"column":1}},"56":{"start":{"line":85,"column":4},"end":{"line":95,"column":5}},"57":{"start":{"line":86,"column":37},"end":{"line":86,"column":45}},"58":{"start":{"line":87,"column":8},"end":{"line":87,"column":84}},"59":{"start":{"line":87,"column":22},"end":{"line":87,"column":84}},"60":{"start":{"line":89,"column":25},"end":{"line":89,"column":115}},"61":{"start":{"line":90,"column":8},"end":{"line":90,"column":31}},"62":{"start":{"line":92,"column":8},"end":{"line":92,"column":105}},"63":{"start":{"line":92,"column":47},"end":{"line":92,"column":105}},"64":{"start":{"line":93,"column":8},"end":{"line":93,"column":27}},"65":{"start":{"line":94,"column":8},"end":{"line":94,"column":56}}},"fnMap":{"0":{"name":"(anonymous_0)","decl":{"start":{"line":5,"column":22},"end":{"line":5,"column":23}},"loc":{"start":{"line":5,"column":42},"end":{"line":16,"column":1}},"line":5},"1":{"name":"(anonymous_1)","decl":{"start":{"line":19,"column":20},"end":{"line":19,"column":21}},"loc":{"start":{"line":19,"column":40},"end":{"line":27,"column":1}},"line":19},"2":{"name":"(anonymous_2)","decl":{"start":{"line":30,"column":23},"end":{"line":30,"column":24}},"loc":{"start":{"line":30,"column":43},"end":{"line":39,"column":1}},"line":30},"3":{"name":"(anonymous_3)","decl":{"start":{"line":42,"column":22},"end":{"line":42,"column":23}},"loc":{"start":{"line":42,"column":42},"end":{"line":54,"column":1}},"line":42},"4":{"name":"(anonymous_4)","decl":{"start":{"line":57,"column":22},"end":{"line":57,"column":23}},"loc":{"start":{"line":57,"column":42},"end":{"line":66,"column":1}},"line":57},"5":{"name":"(anonymous_5)","decl":{"start":{"line":69,"column":25},"end":{"line":69,"column":26}},"loc":{"start":{"line":69,"column":45},"end":{"line":81,"column":1}},"line":69},"6":{"name":"(anonymous_6)","decl":{"start":{"line":84,"column":24},"end":{"line":84,"column":25}},"loc":{"start":{"line":84,"column":44},"end":{"line":96,"column":1}},"line":84}},"branchMap":{"0":{"loc":{"start":{"line":8,"column":8},"end":{"line":8,"column":84}},"type":"if","locations":[{"start":{"line":8,"column":8},"end":{"line":8,"column":84}},{"start":{},"end":{}}],"line":8},"1":{"loc":{"start":{"line":35,"column":8},"end":{"line":35,"column":105}},"type":"if","locations":[{"start":{"line":35,"column":8},"end":{"line":35,"column":105}},{"start":{},"end":{}}],"line":35},"2":{"loc":{"start":{"line":45,"column":8},"end":{"line":45,"column":84}},"type":"if","locations":[{"start":{"line":45,"column":8},"end":{"line":45,"column":84}},{"start":{},"end":{}}],"line":45},"3":{"loc":{"start":{"line":50,"column":8},"end":{"line":50,"column":105}},"type":"if","locations":[{"start":{"line":50,"column":8},"end":{"line":50,"column":105}},{"start":{},"end":{}}],"line":50},"4":{"loc":{"start":{"line":62,"column":8},"end":{"line":62,"column":105}},"type":"if","locations":[{"start":{"line":62,"column":8},"end":{"line":62,"column":105}},{"start":{},"end":{}}],"line":62},"5":{"loc":{"start":{"line":72,"column":8},"end":{"line":72,"column":84}},"type":"if","locations":[{"start":{"line":72,"column":8},"end":{"line":72,"column":84}},{"start":{},"end":{}}],"line":72},"6":{"loc":{"start":{"line":77,"column":8},"end":{"line":77,"column":105}},"type":"if","locations":[{"start":{"line":77,"column":8},"end":{"line":77,"column":105}},{"start":{},"end":{}}],"line":77},"7":{"loc":{"start":{"line":87,"column":8},"end":{"line":87,"column":84}},"type":"if","locations":[{"start":{"line":87,"column":8},"end":{"line":87,"column":84}},{"start":{},"end":{}}],"line":87},"8":{"loc":{"start":{"line":89,"column":101},"end":{"line":89,"column":114}},"type":"binary-expr","locations":[{"start":{"line":89,"column":101},"end":{"line":89,"column":108}},{"start":{"line":89,"column":112},"end":{"line":89,"column":114}}],"line":89},"9":{"loc":{"start":{"line":92,"column":8},"end":{"line":92,"column":105}},"type":"if","locations":[{"start":{"line":92,"column":8},"end":{"line":92,"column":105}},{"start":{},"end":{}}],"line":92}},"s":{"0":2,"1":2,"2":2,"3":0,"4":0,"5":0,"6":0,"7":0,"8":0,"9":0,"10":0,"11":2,"12":0,"13":0,"14":0,"15":0,"16":0,"17":2,"18":1,"19":1,"20":0,"21":1,"22":1,"23":0,"24":0,"25":2,"26":0,"27":0,"28":0,"29":0,"30":0,"31":0,"32":0,"33":0,"34":0,"35":0,"36":2,"37":0,"38":0,"39":0,"40":0,"41":0,"42":0,"43":0,"44":2,"45":0,"46":0,"47":0,"48":0,"49":0,"50":0,"51":0,"52":0,"53":0,"54":0,"55":2,"56":1,"57":1,"58":1,"59":1,"60":0,"61":0,"62":0,"63":0,"64":0,"65":0},"f":{"0":0,"1":0,"2":1,"3":0,"4":0,"5":0,"6":1},"b":{"0":[0,0],"1":[1,0],"2":[0,0],"3":[0,0],"4":[0,0],"5":[0,0],"6":[0,0],"7":[1,0],"8":[0,0],"9":[0,0]},"_coverageSchema":"1a1c01bbd47fc00a2c39e90264f33305004495a9","hash":"d51e4fada963fc786a9d11529fb2ea0f725965c0"}
,"D:\\Programming\\SLIIT\\AF\\flux-energy-audit\\backend\\src\\controllers\\userManagement.controller.js": {"path":"D:\\Programming\\SLIIT\\AF\\flux-energy-audit\\backend\\src\\controllers\\userManagement.controller.js","statementMap":{"0":{"start":{"line":4,"column":20},"end":{"line":4,"column":65}},"1":{"start":{"line":5,"column":48},"end":{"line":5,"column":99}},"2":{"start":{"line":8,"column":17},"end":{"line":23,"column":1}},"3":{"start":{"line":9,"column":4},"end":{"line":22,"column":5}},"4":{"start":{"line":10,"column":26},"end":{"line":10,"column":57}},"5":{"start":{"line":11,"column":8},"end":{"line":13,"column":9}},"6":{"start":{"line":12,"column":12},"end":{"line":12,"column":79}},"7":{"start":{"line":15,"column":21},"end":{"line":15,"column":61}},"8":{"start":{"line":16,"column":8},"end":{"line":16,"column":35}},"9":{"start":{"line":18,"column":8},"end":{"line":20,"column":9}},"10":{"start":{"line":19,"column":12},"end":{"line":19,"column":68}},"11":{"start":{"line":21,"column":8},"end":{"line":21,"column":57}},"12":{"start":{"line":26,"column":14},"end":{"line":42,"column":1}},"13":{"start":{"line":27,"column":4},"end":{"line":41,"column":5}},"14":{"start":{"line":28,"column":26},"end":{"line":28,"column":54}},"15":{"start":{"line":29,"column":8},"end":{"line":31,"column":9}},"16":{"start":{"line":30,"column":12},"end":{"line":30,"column":79}},"17":{"start":{"line":33,"column":36},"end":{"line":33,"column":44}},"18":{"start":{"line":34,"column":21},"end":{"line":34,"column":65}},"19":{"start":{"line":35,"column":8},"end":{"line":35,"column":35}},"20":{"start":{"line":37,"column":8},"end":{"line":39,"column":9}},"21":{"start":{"line":38,"column":12},"end":{"line":38,"column":68}},"22":{"start":{"line":40,"column":8},"end":{"line":40,"column":57}},"23":{"start":{"line":45,"column":19},"end":{"line":52,"column":1}},"24":{"start":{"line":46,"column":4},"end":{"line":51,"column":5}},"25":{"start":{"line":47,"column":21},"end":{"line":47,"column":63}},"26":{"start":{"line":48,"column":8},"end":{"line":48,"column":35}},"27":{"start":{"line":50,"column":8},"end":{"line":50,"column":57}},"28":{"start":{"line":55,"column":22},"end":{"line":67,"column":1}},"29":{"start":{"line":56,"column":4},"end":{"line":66,"column":5}},"30":{"start":{"line":57,"column":26},"end":{"line":57,"column":55}},"31":{"start":{"line":58,"column":8},"end":{"line":60,"column":9}},"32":{"start":{"line":59,"column":12},"end":{"line":59,"column":79}},"33":{"start":{"line":62,"column":21},"end":{"line":62,"column":76}},"34":{"start":{"line":63,"column":8},"end":{"line":63,"column":35}},"35":{"start":{"line":65,"column":8},"end":{"line":65,"column":57}},"36":{"start":{"line":70,"column":22},"end":{"line":77,"column":1}},"37":{"start":{"line":71,"column":4},"end":{"line":76,"column":5}},"38":{"start":{"line":72,"column":23},"end":{"line":72,"column":72}},"39":{"start":{"line":73,"column":8},"end":{"line":73,"column":37}},"40":{"start":{"line":75,"column":8},"end":{"line":75,"column":57}},"41":{"start":{"line":79,"column":0},"end":{"line":85,"column":2}}},"fnMap":{"0":{"name":"(anonymous_0)","decl":{"start":{"line":8,"column":17},"end":{"line":8,"column":18}},"loc":{"start":{"line":8,"column":37},"end":{"line":23,"column":1}},"line":8},"1":{"name":"(anonymous_1)","decl":{"start":{"line":26,"column":14},"end":{"line":26,"column":15}},"loc":{"start":{"line":26,"column":34},"end":{"line":42,"column":1}},"line":26},"2":{"name":"(anonymous_2)","decl":{"start":{"line":45,"column":19},"end":{"line":45,"column":20}},"loc":{"start":{"line":45,"column":39},"end":{"line":52,"column":1}},"line":45},"3":{"name":"(anonymous_3)","decl":{"start":{"line":55,"column":22},"end":{"line":55,"column":23}},"loc":{"start":{"line":55,"column":42},"end":{"line":67,"column":1}},"line":55},"4":{"name":"(anonymous_4)","decl":{"start":{"line":70,"column":22},"end":{"line":70,"column":23}},"loc":{"start":{"line":70,"column":42},"end":{"line":77,"column":1}},"line":70}},"branchMap":{"0":{"loc":{"start":{"line":11,"column":8},"end":{"line":13,"column":9}},"type":"if","locations":[{"start":{"line":11,"column":8},"end":{"line":13,"column":9}},{"start":{},"end":{}}],"line":11},"1":{"loc":{"start":{"line":18,"column":8},"end":{"line":20,"column":9}},"type":"if","locations":[{"start":{"line":18,"column":8},"end":{"line":20,"column":9}},{"start":{},"end":{}}],"line":18},"2":{"loc":{"start":{"line":29,"column":8},"end":{"line":31,"column":9}},"type":"if","locations":[{"start":{"line":29,"column":8},"end":{"line":31,"column":9}},{"start":{},"end":{}}],"line":29},"3":{"loc":{"start":{"line":37,"column":8},"end":{"line":39,"column":9}},"type":"if","locations":[{"start":{"line":37,"column":8},"end":{"line":39,"column":9}},{"start":{},"end":{}}],"line":37},"4":{"loc":{"start":{"line":58,"column":8},"end":{"line":60,"column":9}},"type":"if","locations":[{"start":{"line":58,"column":8},"end":{"line":60,"column":9}},{"start":{},"end":{}}],"line":58}},"s":{"0":2,"1":2,"2":2,"3":2,"4":2,"5":2,"6":0,"7":2,"8":2,"9":0,"10":0,"11":0,"12":2,"13":1,"14":1,"15":1,"16":0,"17":1,"18":1,"19":0,"20":1,"21":1,"22":0,"23":2,"24":0,"25":0,"26":0,"27":0,"28":2,"29":1,"30":1,"31":1,"32":1,"33":0,"34":0,"35":0,"36":2,"37":0,"38":0,"39":0,"40":0,"41":2},"f":{"0":2,"1":1,"2":0,"3":1,"4":0},"b":{"0":[0,2],"1":[0,0],"2":[0,1],"3":[1,0],"4":[1,0]},"_coverageSchema":"1a1c01bbd47fc00a2c39e90264f33305004495a9","hash":"c804019f06ac82bfa7f80e3cfa5b4a029a586842"}
,"D:\\Programming\\SLIIT\\AF\\flux-energy-audit\\backend\\src\\models\\appliancemanagement.model.js": {"path":"D:\\Programming\\SLIIT\\AF\\flux-energy-audit\\backend\\src\\models\\appliancemanagement.model.js","statementMap":{"0":{"start":{"line":1,"column":17},"end":{"line":1,"column":36}},"1":{"start":{"line":4,"column":24},"end":{"line":42,"column":1}},"2":{"start":{"line":45,"column":0},"end":{"line":47,"column":3}},"3":{"start":{"line":46,"column":4},"end":{"line":46,"column":60}},"4":{"start":{"line":50,"column":0},"end":{"line":52,"column":3}},"5":{"start":{"line":51,"column":4},"end":{"line":51,"column":65}},"6":{"start":{"line":55,"column":0},"end":{"line":55,"column":62}}},"fnMap":{"0":{"name":"(anonymous_0)","decl":{"start":{"line":45,"column":54},"end":{"line":45,"column":55}},"loc":{"start":{"line":45,"column":66},"end":{"line":47,"column":1}},"line":45},"1":{"name":"(anonymous_1)","decl":{"start":{"line":50,"column":56},"end":{"line":50,"column":57}},"loc":{"start":{"line":50,"column":68},"end":{"line":52,"column":1}},"line":50}},"branchMap":{},"s":{"0":1,"1":1,"2":1,"3":0,"4":1,"5":0,"6":1},"f":{"0":0,"1":0},"b":{},"_coverageSchema":"1a1c01bbd47fc00a2c39e90264f33305004495a9","hash":"f9d4337f1f379ecdc14ba0f05b47b8f0879c5bfe"}
,"D:\\Programming\\SLIIT\\AF\\flux-energy-audit\\backend\\src\\models\\carbonFootprintTracker.model.js": {"path":"D:\\Programming\\SLIIT\\AF\\flux-energy-audit\\backend\\src\\models\\carbonFootprintTracker.model.js","statementMap":{"0":{"start":{"line":1,"column":17},"end":{"line":1,"column":36}},"1":{"start":{"line":7,"column":30},"end":{"line":50,"column":2}},"2":{"start":{"line":52,"column":24},"end":{"line":52,"column":80}},"3":{"start":{"line":54,"column":0},"end":{"line":54,"column":33}}},"fnMap":{},"branchMap":{},"s":{"0":1,"1":1,"2":1,"3":1},"f":{},"b":{},"_coverageSchema":"1a1c01bbd47fc00a2c39e90264f33305004495a9","hash":"a98e11ac86d2900e67eb300d7efee84366c72f77"}
,"D:\\Programming\\SLIIT\\AF\\flux-energy-audit\\backend\\src\\models\\energyAuditManagement.model.js": {"path":"D:\\Programming\\SLIIT\\AF\\flux-energy-audit\\backend\\src\\models\\energyAuditManagement.model.js","statementMap":{"0":{"start":{"line":1,"column":17},"end":{"line":1,"column":36}},"1":{"start":{"line":4,"column":26},"end":{"line":53,"column":2}},"2":{"start":{"line":55,"column":0},"end":{"line":55,"column":66}}},"fnMap":{},"branchMap":{},"s":{"0":1,"1":1,"2":1},"f":{},"b":{},"_coverageSchema":"1a1c01bbd47fc00a2c39e90264f33305004495a9","hash":"c466212ca0ee5078f42cabf3c2496466036aa051"}
,"D:\\Programming\\SLIIT\\AF\\flux-energy-audit\\backend\\src\\routes\\appliancemanagement.route.js": {"path":"D:\\Programming\\SLIIT\\AF\\flux-energy-audit\\backend\\src\\routes\\appliancemanagement.route.js","statementMap":{"0":{"start":{"line":1,"column":16},"end":{"line":1,"column":34}},"1":{"start":{"line":2,"column":15},"end":{"line":2,"column":31}},"2":{"start":{"line":3,"column":28},"end":{"line":3,"column":84}},"3":{"start":{"line":4,"column":31},"end":{"line":4,"column":60}},"4":{"start":{"line":7,"column":0},"end":{"line":7,"column":20}},"5":{"start":{"line":8,"column":0},"end":{"line":8,"column":39}},"6":{"start":{"line":86,"column":0},"end":{"line":86,"column":54}},"7":{"start":{"line":102,"column":0},"end":{"line":102,"column":54}},"8":{"start":{"line":118,"column":0},"end":{"line":118,"column":57}},"9":{"start":{"line":134,"column":0},"end":{"line":134,"column":60}},"10":{"start":{"line":159,"column":0},"end":{"line":159,"column":53}},"11":{"start":{"line":199,"column":0},"end":{"line":199,"column":56}},"12":{"start":{"line":224,"column":0},"end":{"line":224,"column":59}},"13":{"start":{"line":226,"column":0},"end":{"line":226,"column":24}}},"fnMap":{},"branchMap":{},"s":{"0":1,"1":1,"2":1,"3":1,"4":1,"5":1,"6":1,"7":1,"8":1,"9":1,"10":1,"11":1,"12":1,"13":1},"f":{},"b":{},"_coverageSchema":"1a1c01bbd47fc00a2c39e90264f33305004495a9","hash":"332c74fa4e881a02b4b725dafe6ebf249ab2a7d6"}
,"D:\\Programming\\SLIIT\\AF\\flux-energy-audit\\backend\\src\\routes\\carbonFootprintTracker.route.js": {"path":"D:\\Programming\\SLIIT\\AF\\flux-energy-audit\\backend\\src\\routes\\carbonFootprintTracker.route.js","statementMap":{"0":{"start":{"line":74,"column":16},"end":{"line":74,"column":34}},"1":{"start":{"line":75,"column":15},"end":{"line":75,"column":31}},"2":{"start":{"line":76,"column":25},"end":{"line":76,"column":84}},"3":{"start":{"line":77,"column":20},"end":{"line":77,"column":49}},"4":{"start":{"line":79,"column":0},"end":{"line":79,"column":20}},"5":{"start":{"line":101,"column":0},"end":{"line":145,"column":41}},"6":{"start":{"line":174,"column":0},"end":{"line":233,"column":43}},"7":{"start":{"line":235,"column":0},"end":{"line":235,"column":24}}},"fnMap":{},"branchMap":{},"s":{"0":1,"1":1,"2":1,"3":1,"4":1,"5":1,"6":1,"7":1},"f":{},"b":{},"_coverageSchema":"1a1c01bbd47fc00a2c39e90264f33305004495a9","hash":"ed45a137f898a10fd6287a6ac9f7a22f1c249e32"}
,"D:\\Programming\\SLIIT\\AF\\flux-energy-audit\\backend\\src\\routes\\costManagement.route.js": {"path":"D:\\Programming\\SLIIT\\AF\\flux-energy-audit\\backend\\src\\routes\\costManagement.route.js","statementMap":{"0":{"start":{"line":1,"column":16},"end":{"line":1,"column":34}},"1":{"start":{"line":2,"column":15},"end":{"line":2,"column":31}},"2":{"start":{"line":3,"column":23},"end":{"line":3,"column":74}},"3":{"start":{"line":4,"column":27},"end":{"line":4,"column":72}},"4":{"start":{"line":5,"column":20},"end":{"line":5,"column":49}},"5":{"start":{"line":6,"column":29},"end":{"line":6,"column":60}},"6":{"start":{"line":78,"column":0},"end":{"line":78,"column":67}},"7":{"start":{"line":95,"column":0},"end":{"line":95,"column":46}},"8":{"start":{"line":231,"column":0},"end":{"line":231,"column":59}},"9":{"start":{"line":234,"column":0},"end":{"line":234,"column":70}},"10":{"start":{"line":300,"column":0},"end":{"line":300,"column":58}},"11":{"start":{"line":317,"column":0},"end":{"line":317,"column":55}},"12":{"start":{"line":342,"column":0},"end":{"line":342,"column":62}},"13":{"start":{"line":386,"column":0},"end":{"line":386,"column":61}},"14":{"start":{"line":411,"column":0},"end":{"line":411,"column":64}},"15":{"start":{"line":436,"column":0},"end":{"line":436,"column":66}},"16":{"start":{"line":439,"column":0},"end":{"line":439,"column":52}},"17":{"start":{"line":480,"column":0},"end":{"line":480,"column":69}},"18":{"start":{"line":505,"column":0},"end":{"line":505,"column":54}},"19":{"start":{"line":507,"column":0},"end":{"line":507,"column":24}}},"fnMap":{},"branchMap":{},"s":{"0":1,"1":1,"2":1,"3":1,"4":1,"5":1,"6":1,"7":1,"8":1,"9":1,"10":1,"11":1,"12":1,"13":1,"14":1,"15":1,"16":1,"17":1,"18":1,"19":1},"f":{},"b":{},"_coverageSchema":"1a1c01bbd47fc00a2c39e90264f33305004495a9","hash":"76665ee8a06c892422fae5a5fb25e3f6270b5ecd"}
,"D:\\Programming\\SLIIT\\AF\\flux-energy-audit\\backend\\src\\routes\\energyAuditManagement.route.js": {"path":"D:\\Programming\\SLIIT\\AF\\flux-energy-audit\\backend\\src\\routes\\energyAuditManagement.route.js","statementMap":{"0":{"start":{"line":1,"column":16},"end":{"line":1,"column":34}},"1":{"start":{"line":2,"column":15},"end":{"line":2,"column":31}},"2":{"start":{"line":3,"column":30},"end":{"line":3,"column":88}},"3":{"start":{"line":4,"column":13},"end":{"line":4,"column":42}},"4":{"start":{"line":7,"column":0},"end":{"line":7,"column":25}},"5":{"start":{"line":61,"column":0},"end":{"line":61,"column":52}},"6":{"start":{"line":77,"column":0},"end":{"line":77,"column":49}},"7":{"start":{"line":102,"column":0},"end":{"line":102,"column":55}},"8":{"start":{"line":148,"column":0},"end":{"line":148,"column":54}},"9":{"start":{"line":173,"column":0},"end":{"line":173,"column":57}},"10":{"start":{"line":221,"column":0},"end":{"line":221,"column":67}},"11":{"start":{"line":267,"column":0},"end":{"line":267,"column":62}},"12":{"start":{"line":269,"column":0},"end":{"line":269,"column":24}}},"fnMap":{},"branchMap":{},"s":{"0":1,"1":1,"2":1,"3":1,"4":1,"5":1,"6":1,"7":1,"8":1,"9":1,"10":1,"11":1,"12":1},"f":{},"b":{},"_coverageSchema":"1a1c01bbd47fc00a2c39e90264f33305004495a9","hash":"fd292d41002803548c0abd51c60fefe3b1f17d04"}
,"D:\\Programming\\SLIIT\\AF\\flux-energy-audit\\backend\\src\\routes\\userManagement.route.js": {"path":"D:\\Programming\\SLIIT\\AF\\flux-energy-audit\\backend\\src\\routes\\userManagement.route.js","statementMap":{"0":{"start":{"line":4,"column":16},"end":{"line":4,"column":34}},"1":{"start":{"line":5,"column":15},"end":{"line":5,"column":31}},"2":{"start":{"line":6,"column":23},"end":{"line":6,"column":74}},"3":{"start":{"line":7,"column":20},"end":{"line":7,"column":49}},"4":{"start":{"line":45,"column":0},"end":{"line":45,"column":50}},"5":{"start":{"line":73,"column":0},"end":{"line":73,"column":44}},"6":{"start":{"line":89,"column":0},"end":{"line":89,"column":54}},"7":{"start":{"line":117,"column":0},"end":{"line":117,"column":57}},"8":{"start":{"line":133,"column":0},"end":{"line":133,"column":60}},"9":{"start":{"line":135,"column":0},"end":{"line":135,"column":24}}},"fnMap":{},"branchMap":{},"s":{"0":1,"1":1,"2":1,"3":1,"4":1,"5":1,"6":1,"7":1,"8":1,"9":1},"f":{},"b":{},"_coverageSchema":"1a1c01bbd47fc00a2c39e90264f33305004495a9","hash":"4b9d30a52dd2f68e0ec5044315c521abca974abd"}
,"D:\\Programming\\SLIIT\\AF\\flux-energy-audit\\backend\\src\\services\\appliancemanagement.service.js": {"path":"D:\\Programming\\SLIIT\\AF\\flux-energy-audit\\backend\\src\\services\\appliancemanagement.service.js","statementMap":{"0":{"start":{"line":1,"column":18},"end":{"line":1,"column":64}},"1":{"start":{"line":2,"column":29},"end":{"line":2,"column":59}},"2":{"start":{"line":3,"column":23},"end":{"line":3,"column":50}},"3":{"start":{"line":6,"column":21},"end":{"line":14,"column":1}},"4":{"start":{"line":7,"column":4},"end":{"line":13,"column":7}},"5":{"start":{"line":8,"column":26},"end":{"line":11,"column":10}},"6":{"start":{"line":12,"column":8},"end":{"line":12,"column":49}},"7":{"start":{"line":17,"column":28},"end":{"line":19,"column":1}},"8":{"start":{"line":18,"column":4},"end":{"line":18,"column":74}},"9":{"start":{"line":22,"column":25},"end":{"line":24,"column":1}},"10":{"start":{"line":23,"column":4},"end":{"line":23,"column":71}},"11":{"start":{"line":27,"column":24},"end":{"line":35,"column":1}},"12":{"start":{"line":28,"column":4},"end":{"line":34,"column":7}},"13":{"start":{"line":29,"column":8},"end":{"line":33,"column":10}},"14":{"start":{"line":38,"column":24},"end":{"line":45,"column":1}},"15":{"start":{"line":39,"column":4},"end":{"line":44,"column":7}},"16":{"start":{"line":40,"column":8},"end":{"line":43,"column":10}},"17":{"start":{"line":48,"column":34},"end":{"line":69,"column":1}},"18":{"start":{"line":49,"column":23},"end":{"line":49,"column":61}},"19":{"start":{"line":51,"column":23},"end":{"line":51,"column":91}},"20":{"start":{"line":51,"column":55},"end":{"line":51,"column":87}},"21":{"start":{"line":52,"column":25},"end":{"line":52,"column":95}},"22":{"start":{"line":52,"column":57},"end":{"line":52,"column":91}},"23":{"start":{"line":55,"column":24},"end":{"line":55,"column":68}},"24":{"start":{"line":57,"column":4},"end":{"line":68,"column":6}},"25":{"start":{"line":62,"column":43},"end":{"line":67,"column":9}},"26":{"start":{"line":72,"column":26},"end":{"line":110,"column":1}},"27":{"start":{"line":73,"column":23},"end":{"line":73,"column":61}},"28":{"start":{"line":75,"column":4},"end":{"line":82,"column":5}},"29":{"start":{"line":76,"column":8},"end":{"line":81,"column":10}},"30":{"start":{"line":84,"column":23},"end":{"line":84,"column":85}},"31":{"start":{"line":84,"column":55},"end":{"line":84,"column":81}},"32":{"start":{"line":87,"column":32},"end":{"line":89,"column":5}},"33":{"start":{"line":88,"column":8},"end":{"line":88,"column":63}},"34":{"start":{"line":91,"column":28},"end":{"line":95,"column":5}},"35":{"start":{"line":98,"column":30},"end":{"line":102,"column":10}},"36":{"start":{"line":99,"column":20},"end":{"line":99,"column":45}},"37":{"start":{"line":100,"column":8},"end":{"line":100,"column":39}},"38":{"start":{"line":101,"column":8},"end":{"line":101,"column":19}},"39":{"start":{"line":104,"column":4},"end":{"line":109,"column":6}},"40":{"start":{"line":112,"column":0},"end":{"line":120,"column":2}}},"fnMap":{"0":{"name":"(anonymous_0)","decl":{"start":{"line":6,"column":21},"end":{"line":6,"column":22}},"loc":{"start":{"line":6,"column":54},"end":{"line":14,"column":1}},"line":6},"1":{"name":"(anonymous_1)","decl":{"start":{"line":7,"column":34},"end":{"line":7,"column":35}},"loc":{"start":{"line":7,"column":53},"end":{"line":13,"column":5}},"line":7},"2":{"name":"(anonymous_2)","decl":{"start":{"line":17,"column":28},"end":{"line":17,"column":29}},"loc":{"start":{"line":17,"column":46},"end":{"line":19,"column":1}},"line":17},"3":{"name":"(anonymous_3)","decl":{"start":{"line":22,"column":25},"end":{"line":22,"column":26}},"loc":{"start":{"line":22,"column":56},"end":{"line":24,"column":1}},"line":22},"4":{"name":"(anonymous_4)","decl":{"start":{"line":27,"column":24},"end":{"line":27,"column":25}},"loc":{"start":{"line":27,"column":67},"end":{"line":35,"column":1}},"line":27},"5":{"name":"(anonymous_5)","decl":{"start":{"line":28,"column":34},"end":{"line":28,"column":35}},"loc":{"start":{"line":28,"column":53},"end":{"line":34,"column":5}},"line":28},"6":{"name":"(anonymous_6)","decl":{"start":{"line":38,"column":24},"end":{"line":38,"column":25}},"loc":{"start":{"line":38,"column":55},"end":{"line":45,"column":1}},"line":38},"7":{"name":"(anonymous_7)","decl":{"start":{"line":39,"column":34},"end":{"line":39,"column":35}},"loc":{"start":{"line":39,"column":53},"end":{"line":44,"column":5}},"line":39},"8":{"name":"(anonymous_8)","decl":{"start":{"line":48,"column":34},"end":{"line":48,"column":35}},"loc":{"start":{"line":48,"column":58},"end":{"line":69,"column":1}},"line":48},"9":{"name":"(anonymous_9)","decl":{"start":{"line":51,"column":41},"end":{"line":51,"column":42}},"loc":{"start":{"line":51,"column":55},"end":{"line":51,"column":87}},"line":51},"10":{"name":"(anonymous_10)","decl":{"start":{"line":52,"column":43},"end":{"line":52,"column":44}},"loc":{"start":{"line":52,"column":57},"end":{"line":52,"column":91}},"line":52},"11":{"name":"(anonymous_11)","decl":{"start":{"line":62,"column":35},"end":{"line":62,"column":36}},"loc":{"start":{"line":62,"column":43},"end":{"line":67,"column":9}},"line":62},"12":{"name":"(anonymous_12)","decl":{"start":{"line":72,"column":26},"end":{"line":72,"column":27}},"loc":{"start":{"line":72,"column":44},"end":{"line":110,"column":1}},"line":72},"13":{"name":"(anonymous_13)","decl":{"start":{"line":84,"column":41},"end":{"line":84,"column":42}},"loc":{"start":{"line":84,"column":55},"end":{"line":84,"column":81}},"line":84},"14":{"name":"(anonymous_14)","decl":{"start":{"line":87,"column":53},"end":{"line":87,"column":54}},"loc":{"start":{"line":88,"column":8},"end":{"line":88,"column":63}},"line":88},"15":{"name":"(anonymous_15)","decl":{"start":{"line":98,"column":48},"end":{"line":98,"column":49}},"loc":{"start":{"line":98,"column":62},"end":{"line":102,"column":5}},"line":98}},"branchMap":{"0":{"loc":{"start":{"line":66,"column":24},"end":{"line":66,"column":92}},"type":"cond-expr","locations":[{"start":{"line":66,"column":41},"end":{"line":66,"column":88}},{"start":{"line":66,"column":91},"end":{"line":66,"column":92}}],"line":66},"1":{"loc":{"start":{"line":75,"column":4},"end":{"line":82,"column":5}},"type":"if","locations":[{"start":{"line":75,"column":4},"end":{"line":82,"column":5}},{"start":{},"end":{}}],"line":75},"2":{"loc":{"start":{"line":99,"column":20},"end":{"line":99,"column":45}},"type":"binary-expr","locations":[{"start":{"line":99,"column":20},"end":{"line":99,"column":32}},{"start":{"line":99,"column":36},"end":{"line":99,"column":45}}],"line":99},"3":{"loc":{"start":{"line":100,"column":20},"end":{"line":100,"column":33}},"type":"binary-expr","locations":[{"start":{"line":100,"column":20},"end":{"line":100,"column":28}},{"start":{"line":100,"column":32},"end":{"line":100,"column":33}}],"line":100}},"s":{"0":1,"1":1,"2":1,"3":1,"4":0,"5":0,"6":0,"7":1,"8":0,"9":1,"10":0,"11":1,"12":0,"13":0,"14":1,"15":0,"16":0,"17":1,"18":0,"19":0,"20":0,"21":0,"22":0,"23":0,"24":0,"25":0,"26":1,"27":0,"28":0,"29":0,"30":0,"31":0,"32":0,"33":0,"34":0,"35":0,"36":0,"37":0,"38":0,"39":0,"40":1},"f":{"0":0,"1":0,"2":0,"3":0,"4":0,"5":0,"6":0,"7":0,"8":0,"9":0,"10":0,"11":0,"12":0,"13":0,"14":0,"15":0},"b":{"0":[0,0],"1":[0,0],"2":[0,0],"3":[0,0]},"_coverageSchema":"1a1c01bbd47fc00a2c39e90264f33305004495a9","hash":"c7d8be1e567c8ff01d1448507e140473d5cf1efa"}
,"D:\\Programming\\SLIIT\\AF\\flux-energy-audit\\backend\\src\\services\\carbonApi.service.js": {"path":"D:\\Programming\\SLIIT\\AF\\flux-energy-audit\\backend\\src\\services\\carbonApi.service.js","statementMap":{"0":{"start":{"line":1,"column":14},"end":{"line":1,"column":30}},"1":{"start":{"line":3,"column":25},"end":{"line":3,"column":68}},"2":{"start":{"line":4,"column":16},"end":{"line":4,"column":44}},"3":{"start":{"line":7,"column":25},"end":{"line":48,"column":1}},"4":{"start":{"line":52,"column":33},"end":{"line":142,"column":1}},"5":{"start":{"line":53,"column":4},"end":{"line":141,"column":5}},"6":{"start":{"line":54,"column":8},"end":{"line":57,"column":9}},"7":{"start":{"line":55,"column":12},"end":{"line":55,"column":107}},"8":{"start":{"line":56,"column":12},"end":{"line":56,"column":24}},"9":{"start":{"line":59,"column":25},"end":{"line":59,"column":27}},"10":{"start":{"line":62,"column":8},"end":{"line":70,"column":9}},"11":{"start":{"line":63,"column":12},"end":{"line":69,"column":15}},"12":{"start":{"line":73,"column":30},"end":{"line":73,"column":54}},"13":{"start":{"line":74,"column":27},"end":{"line":74,"column":48}},"14":{"start":{"line":75,"column":8},"end":{"line":87,"column":11}},"15":{"start":{"line":76,"column":27},"end":{"line":76,"column":55}},"16":{"start":{"line":77,"column":31},"end":{"line":77,"column":96}},"17":{"start":{"line":78,"column":12},"end":{"line":86,"column":13}},"18":{"start":{"line":79,"column":16},"end":{"line":85,"column":19}},"19":{"start":{"line":90,"column":36},"end":{"line":90,"column":66}},"20":{"start":{"line":91,"column":35},"end":{"line":91,"column":64}},"21":{"start":{"line":92,"column":8},"end":{"line":104,"column":11}},"22":{"start":{"line":93,"column":29},"end":{"line":93,"column":65}},"23":{"start":{"line":94,"column":31},"end":{"line":94,"column":115}},"24":{"start":{"line":95,"column":12},"end":{"line":103,"column":13}},"25":{"start":{"line":96,"column":16},"end":{"line":102,"column":19}},"26":{"start":{"line":107,"column":8},"end":{"line":115,"column":9}},"27":{"start":{"line":108,"column":12},"end":{"line":114,"column":15}},"28":{"start":{"line":117,"column":8},"end":{"line":119,"column":9}},"29":{"start":{"line":118,"column":12},"end":{"line":118,"column":45}},"30":{"start":{"line":121,"column":25},"end":{"line":126,"column":10}},"31":{"start":{"line":128,"column":23},"end":{"line":128,"column":24}},"32":{"start":{"line":129,"column":8},"end":{"line":131,"column":11}},"33":{"start":{"line":130,"column":12},"end":{"line":130,"column":36}},"34":{"start":{"line":133,"column":21},"end":{"line":133,"column":26}},"35":{"start":{"line":134,"column":8},"end":{"line":135,"column":52}},"36":{"start":{"line":134,"column":28},"end":{"line":134,"column":44}},"37":{"start":{"line":135,"column":13},"end":{"line":135,"column":52}},"38":{"start":{"line":135,"column":32},"end":{"line":135,"column":52}},"39":{"start":{"line":137,"column":8},"end":{"line":137,"column":41}},"40":{"start":{"line":139,"column":8},"end":{"line":139,"column":84}},"41":{"start":{"line":140,"column":8},"end":{"line":140,"column":79}},"42":{"start":{"line":144,"column":0},"end":{"line":146,"column":2}}},"fnMap":{"0":{"name":"(anonymous_0)","decl":{"start":{"line":52,"column":33},"end":{"line":52,"column":34}},"loc":{"start":{"line":52,"column":49},"end":{"line":142,"column":1}},"line":52},"1":{"name":"(anonymous_1)","decl":{"start":{"line":75,"column":30},"end":{"line":75,"column":31}},"loc":{"start":{"line":75,"column":40},"end":{"line":87,"column":9}},"line":75},"2":{"name":"(anonymous_2)","decl":{"start":{"line":92,"column":36},"end":{"line":92,"column":37}},"loc":{"start":{"line":92,"column":46},"end":{"line":104,"column":9}},"line":92},"3":{"name":"(anonymous_3)","decl":{"start":{"line":129,"column":38},"end":{"line":129,"column":39}},"loc":{"start":{"line":129,"column":50},"end":{"line":131,"column":9}},"line":129}},"branchMap":{"0":{"loc":{"start":{"line":54,"column":8},"end":{"line":57,"column":9}},"type":"if","locations":[{"start":{"line":54,"column":8},"end":{"line":57,"column":9}},{"start":{},"end":{}}],"line":54},"1":{"loc":{"start":{"line":54,"column":12},"end":{"line":54,"column":64}},"type":"binary-expr","locations":[{"start":{"line":54,"column":12},"end":{"line":54,"column":20}},{"start":{"line":54,"column":24},"end":{"line":54,"column":64}}],"line":54},"2":{"loc":{"start":{"line":62,"column":8},"end":{"line":70,"column":9}},"type":"if","locations":[{"start":{"line":62,"column":8},"end":{"line":70,"column":9}},{"start":{},"end":{}}],"line":62},"3":{"loc":{"start":{"line":73,"column":30},"end":{"line":73,"column":54}},"type":"binary-expr","locations":[{"start":{"line":73,"column":30},"end":{"line":73,"column":48}},{"start":{"line":73,"column":52},"end":{"line":73,"column":54}}],"line":73},"4":{"loc":{"start":{"line":74,"column":27},"end":{"line":74,"column":48}},"type":"binary-expr","locations":[{"start":{"line":74,"column":27},"end":{"line":74,"column":42}},{"start":{"line":74,"column":46},"end":{"line":74,"column":48}}],"line":74},"5":{"loc":{"start":{"line":77,"column":31},"end":{"line":77,"column":96}},"type":"cond-expr","locations":[{"start":{"line":77,"column":52},"end":{"line":77,"column":64}},{"start":{"line":77,"column":67},"end":{"line":77,"column":96}}],"line":77},"6":{"loc":{"start":{"line":77,"column":67},"end":{"line":77,"column":96}},"type":"cond-expr","locations":[{"start":{"line":77,"column":84},"end":{"line":77,"column":89}},{"start":{"line":77,"column":92},"end":{"line":77,"column":96}}],"line":77},"7":{"loc":{"start":{"line":78,"column":12},"end":{"line":86,"column":13}},"type":"if","locations":[{"start":{"line":78,"column":12},"end":{"line":86,"column":13}},{"start":{},"end":{}}],"line":78},"8":{"loc":{"start":{"line":78,"column":16},"end":{"line":78,"column":36}},"type":"binary-expr","locations":[{"start":{"line":78,"column":16},"end":{"line":78,"column":26}},{"start":{"line":78,"column":30},"end":{"line":78,"column":36}}],"line":78},"9":{"loc":{"start":{"line":90,"column":36},"end":{"line":90,"column":66}},"type":"binary-expr","locations":[{"start":{"line":90,"column":36},"end":{"line":90,"column":60}},{"start":{"line":90,"column":64},"end":{"line":90,"column":66}}],"line":90},"10":{"loc":{"start":{"line":91,"column":35},"end":{"line":91,"column":64}},"type":"binary-expr","locations":[{"start":{"line":91,"column":35},"end":{"line":91,"column":58}},{"start":{"line":91,"column":62},"end":{"line":91,"column":64}}],"line":91},"11":{"loc":{"start":{"line":94,"column":31},"end":{"line":94,"column":115}},"type":"cond-expr","locations":[{"start":{"line":94,"column":64},"end":{"line":94,"column":76}},{"start":{"line":94,"column":79},"end":{"line":94,"column":115}}],"line":94},"12":{"loc":{"start":{"line":94,"column":79},"end":{"line":94,"column":115}},"type":"cond-expr","locations":[{"start":{"line":94,"column":104},"end":{"line":94,"column":108}},{"start":{"line":94,"column":111},"end":{"line":94,"column":115}}],"line":94},"13":{"loc":{"start":{"line":95,"column":12},"end":{"line":103,"column":13}},"type":"if","locations":[{"start":{"line":95,"column":12},"end":{"line":103,"column":13}},{"start
[...]
rt":{"line":26,"column":20},"end":{"line":26,"column":41}},"14":{"start":{"line":27,"column":8},"end":{"line":30,"column":9}},"15":{"start":{"line":28,"column":29},"end":{"line":28,"column":59}},"16":{"start":{"line":29,"column":12},"end":{"line":29,"column":40}},"17":{"start":{"line":31,"column":8},"end":{"line":31,"column":32}},"18":{"start":{"line":33,"column":8},"end":{"line":37,"column":9}},"19":{"start":{"line":34,"column":12},"end":{"line":34,"column":66}},"20":{"start":{"line":35,"column":12},"end":{"line":35,"column":60}},"21":{"start":{"line":35,"column":37},"end":{"line":35,"column":58}},"22":{"start":{"line":36,"column":12},"end":{"line":36,"column":51}},"23":{"start":{"line":38,"column":8},"end":{"line":38,"column":20}},"24":{"start":{"line":43,"column":0},"end":{"line":74,"column":2}},"25":{"start":{"line":44,"column":19},"end":{"line":60,"column":3}},"26":{"start":{"line":62,"column":4},"end":{"line":73,"column":5}},"27":{"start":{"line":63,"column":8},"end":{"line":63,"column":40}},"28":{"start":{"line":65,"column":8},"end":{"line":65,"column":65}},"29":{"start":{"line":67,"column":8},"end":{"line":72,"column":10}},"30":{"start":{"line":77,"column":0},"end":{"line":109,"column":2}},"31":{"start":{"line":78,"column":19},"end":{"line":95,"column":5}},"32":{"start":{"line":97,"column":4},"end":{"line":108,"column":5}},"33":{"start":{"line":98,"column":8},"end":{"line":98,"column":40}},"34":{"start":{"line":100,"column":8},"end":{"line":100,"column":61}},"35":{"start":{"line":101,"column":8},"end":{"line":107,"column":10}},"36":{"start":{"line":112,"column":0},"end":{"line":137,"column":2}},"37":{"start":{"line":113,"column":19},"end":{"line":121,"column":3}},"38":{"start":{"line":123,"column":4},"end":{"line":136,"column":5}},"39":{"start":{"line":124,"column":21},"end":{"line":129,"column":10}},"40":{"start":{"line":125,"column":41},"end":{"line":128,"column":13}},"41":{"start":{"line":130,"column":23},"end":{"line":130,"column":53}},"42":{"start":{"line":131,"column":25},"end":{"line":131,"column":46}},"43":{"start":{"line":132,"column":8},"end":{"line":132,"column":31}},"44":{"start":{"line":134,"column":8},"end":{"line":134,"column":64}},"45":{"start":{"line":135,"column":8},"end":{"line":135,"column":161}},"46":{"start":{"line":143,"column":0},"end":{"line":179,"column":2}},"47":{"start":{"line":144,"column":19},"end":{"line":166,"column":3}},"48":{"start":{"line":168,"column":4},"end":{"line":178,"column":5}},"49":{"start":{"line":169,"column":21},"end":{"line":169,"column":45}},"50":{"start":{"line":171,"column":8},"end":{"line":173,"column":9}},"51":{"start":{"line":172,"column":12},"end":{"line":172,"column":59}},"52":{"start":{"line":174,"column":8},"end":{"line":174,"column":20}},"53":{"start":{"line":176,"column":8},"end":{"line":176,"column":63}},"54":{"start":{"line":177,"column":8},"end":{"line":177,"column":20}},"55":{"start":{"line":184,"column":0},"end":{"line":210,"column":2}},"56":{"start":{"line":185,"column":19},"end":{"line":202,"column":3}},"57":{"start":{"line":204,"column":4},"end":{"line":209,"column":5}},"58":{"start":{"line":205,"column":8},"end":{"line":205,"column":40}},"59":{"start":{"line":207,"column":8},"end":{"line":207,"column":64}},"60":{"start":{"line":208,"column":8},"end":{"line":208,"column":20}}},"fnMap":{"0":{"name":"(anonymous_0)","decl":{"start":{"line":13,"column":19},"end":{"line":13,"column":20}},"loc":{"start":{"line":13,"column":50},"end":{"line":40,"column":1}},"line":13},"1":{"name":"(anonymous_1)","decl":{"start":{"line":35,"column":30},"end":{"line":35,"column":31}},"loc":{"start":{"line":35,"column":37},"end":{"line":35,"column":58}},"line":35},"2":{"name":"(anonymous_2)","decl":{"start":{"line":43,"column":32},"end":{"line":43,"column":33}},"loc":{"start":{"line":43,"column":48},"end":{"line":74,"column":1}},"line":43},"3":{"name":"(anonymous_3)","decl":{"start":{"line":77,"column":29},"end":{"line":77,"column":30}},"loc":{"start":{"line":77,"column":58},"end":{"line":109,"column":1}},"line":77},"4":{"name":"(anonymous_4)","decl":{"start":{"line":112,"column":31},"end":{"line":112,"column":32}},"loc":{"start":{"line":112,"column":68},"end":{"line":137,"column":1}},"line":112},"5":{"name":"(anonymous_5)","decl":{"start":{"line":125,"column":33},"end":{"line":125,"column":34}},"loc":{"start":{"line":125,"column":41},"end":{"line":128,"column":13}},"line":125},"6":{"name":"(anonymous_6)","decl":{"start":{"line":143,"column":26},"end":{"line":143,"column":27}},"loc":{"start":{"line":143,"column":63},"end":{"line":179,"column":1}},"line":143},"7":{"name":"(anonymous_7)","decl":{"start":{"line":184,"column":31},"end":{"line":184,"column":32}},"loc":{"start":{"line":184,"column":59},"end":{"line":210,"column":1}},"line":184}},"branchMap":{"0":{"loc":{"start":{"line":13,"column":34},"end":{"line":13,"column":45}},"type":"default-arg","locations":[{"start":{"line":13,"column":44},"end":{"line":13,"column":45}}],"line":13},"1":{"loc":{"start":{"line":27,"column":8},"end":{"line":30,"column":9}},"type":"if","locations":[{"start":{"line":27,"column":8},"end":{"line":30,"column":9}},{"start":{},"end":{}}],"line":27},"2":{"loc":{"start":{"line":27,"column":12},"end":{"line":27,"column":38}},"type":"binary-expr","locations":[{"start":{"line":27,"column":12},"end":{"line":27,"column":24}},{"start":{"line":27,"column":28},"end":{"line":27,"column":38}}],"line":27},"3":{"loc":{"start":{"line":33,"column":8},"end":{"line":37,"column":9}},"type":"if","locations":[{"start":{"line":33,"column":8},"end":{"line":37,"column":9}},{"start":{},"end":{}}],"line":33},"4":{"loc":{"start":{"line":33,"column":12},"end":{"line":33,"column":47}},"type":"binary-expr","locations":[{"start":{"line":33,"column":12},"end":{"line":33,"column":23}},{"start":{"line":33,"column":27},"end":{"line":33,"column":47}}],"line":33},"5":{"loc":{"start":{"line":51,"column":30},"end":{"line":51,"column":62}},"type":"binary-expr","locations":[{"start":{"line":51,"column":30},"end":{"line":51,"column":53}},{"start":{"line":51,"column":57},"end":{"line":51,"column":62}}],"line":51},"6":{"loc":{"start":{"line":126,"column":22},"end":{"line":126,"column":60}},"type":"cond-expr","locations":[{"start":{"line":126,"column":44},"end":{"line":126,"column":50}},{"start":{"line":126,"column":53},"end":{"line":126,"column":60}}],"line":126},"7":{"loc":{"start":{"line":171,"column":8},"end":{"line":173,"column":9}},"type":"if","locations":[{"start":{"line":171,"column":8},"end":{"line":173,"column":9}},{"start":{},"end":{}}],"line":171},"8":{"loc":{"start":{"line":171,"column":12},"end":{"line":171,"column":93}},"type":"binary-expr","locations":[{"start":{"line":171,"column":12},"end":{"line":171,"column":23}},{"start":{"line":171,"column":27},"end":{"line":171,"column":53}},{"start":{"line":171,"column":57},"end":{"line":171,"column":93}}],"line":171}},"s":{"0":1,"1":1,"2":1,"3":1,"4":1,"5":1,"6":0,"7":0,"8":0,"9":0,"10":0,"11":0,"12":0,"13":0,"14":0,"15":0,"16":0,"17":0,"18":0,"19":0,"20":0,"21":0,"22":0,"23":0,"24":1,"25":0,"26":0,"27":0,"28":0,"29":0,"30":1,"31":0,"32":0,"33":0,"34":0,"35":0,"36":1,"37":0,"38":0,"39":0,"40":0,"41":0,"42":0,"43":0,"44":0,"45":0,"46":1,"47":0,"48":0,"49":0,"50":0,"51":0,"52":0,"53":0,"54":0,"55":1,"56":0,"57":0,"58":0,"59":0,"60":0},"f":{"0":0,"1":0,"2":0,"3":0,"4":0,"5":0,"6":0,"7":0},"b":{"0":[0],"1":[0,0],"2":[0,0],"3":[0,0],"4":[0,0],"5":[0,0],"6":[0,0],"7":[0,0],"8":[0,0,0]},"_coverageSchema":"1a1c01bbd47fc00a2c39e90264f33305004495a9","hash":"e249401718bdacb604aaf3f0d706bbd00494734e"}
,"D:\\Programming\\SLIIT\\AF\\flux-energy-audit\\backend\\src\\services\\weatherService.js": {"path":"D:\\Programming\\SLIIT\\AF\\flux-energy-audit\\backend\\src\\services\\weatherService.js","statementMap":{"0":{"start":{"line":1,"column":14},"end":{"line":1,"column":30}},"1":{"start":{"line":2,"column":15},"end":{"line":2,"column":32}},"2":{"start":{"line":4,"column":0},"end":{"line":4,"column":16}},"3":{"start":{"line":11,"column":26},"end":{"line":31,"column":1}},"4":{"start":{"line":12,"column":20},"end":{"line":12,"column":47}},"5":{"start":{"line":13,"column":4},"end":{"line":15,"column":5}},"6":{"start":{"line":14,"column":8},"end":{"line":14,"column":59}},"7":{"start":{"line":17,"column":4},"end":{"line":30,"column":5}},"8":{"start":{"line":18,"column":25},"end":{"line":18,"column":131}},"9":{"start":{"line":20,"column":8},"end":{"line":26,"column":10}},"10":{"start":{"line":28,"column":8},"end":{"line":28,"column":69}},"11":{"start":{"line":29,"column":8},"end":{"line":29,"column":57}},"12":{"start":{"line":36,"column":25},"end":{"line":44,"column":1}},"13":{"start":{"line":37,"column":4},"end":{"line":43,"column":5}},"14":{"start":{"line":38,"column":8},"end":{"line":38,"column":137}},"15":{"start":{"line":39,"column":11},"end":{"line":43,"column":5}},"16":{"start":{"line":40,"column":8},"end":{"line":40,"column":112}},"17":{"start":{"line":42,"column":8},"end":{"line":42,"column":78}},"18":{"start":{"line":46,"column":0},"end":{"line":46,"column":39}}},"fnMap":{"0":{"name":"(anonymous_0)","decl":{"start":{"line":11,"column":26},"end":{"line":11,"column":27}},"loc":{"start":{"line":11,"column":54},"end":{"line":31,"column":1}},"line":11},"1":{"name":"(anonymous_1)","decl":{"start":{"line":36,"column":25},"end":{"line":36,"column":26}},"loc":{"start":{"line":36,"column":35},"end":{"line":44,"column":1}},"line":36}},"branchMap":{"0":{"loc":{"start":{"line":11,"column":33},"end":{"line":11,"column":49}},"type":"default-arg","locations":[{"start":{"line":11,"column":40},"end":{"line":11,"column":49}}],"line":11},"1":{"loc":{"start":{"line":13,"column":4},"end":{"line":15,"column":5}},"type":"if","locations":[{"start":{"line":13,"column":4},"end":{"line":15,"column":5}},{"start":{},"end":{}}],"line":13},"2":{"loc":{"start":{"line":37,"column":4},"end":{"line":43,"column":5}},"type":"if","locations":[{"start":{"line":37,"column":4},"end":{"line":43,"column":5}},{"start":{"line":39,"column":11},"end":{"line":43,"column":5}}],"line":37},"3":{"loc":{"start":{"line":39,"column":11},"end":{"line":43,"column":5}},"type":"if","locations":[{"start":{"line":39,"column":11},"end":{"line":43,"column":5}},{"start":{"line":41,"column":11},"end":{"line":43,"column":5}}],"line":39}},"s":{"0":1,"1":1,"2":1,"3":1,"4":0,"5":0,"6":0,"7":0,"8":0,"9":0,"10":0,"11":0,"12":1,"13":0,"14":0,"15":0,"16":0,"17":0,"18":1},"f":{"0":0,"1":0},"b":{"0":[0],"1":[0,0],"2":[0,0],"3":[0,0]},"_coverageSchema":"1a1c01bbd47fc00a2c39e90264f33305004495a9","hash":"d6655b0202c84ba41db4e3471e57587a64fb2622"}
,"D:\\Programming\\SLIIT\\AF\\flux-energy-audit\\backend\\src\\util\\transaction.js": {"path":"D:\\Programming\\SLIIT\\AF\\flux-energy-audit\\backend\\src\\util\\transaction.js","statementMap":{"0":{"start":{"line":1,"column":17},"end":{"line":1,"column":36}},"1":{"start":{"line":9,"column":25},"end":{"line":22,"column":1}},"2":{"start":{"line":10,"column":20},"end":{"line":10,"column":49}},"3":{"start":{"line":11,"column":4},"end":{"line":11,"column":31}},"4":{"start":{"line":12,"column":4},"end":{"line":21,"column":5}},"5":{"start":{"line":13,"column":23},"end":{"line":13,"column":46}},"6":{"start":{"line":14,"column":8},"end":{"line":14,"column":42}},"7":{"start":{"line":15,"column":8},"end":{"line":15,"column":22}},"8":{"start":{"line":17,"column":8},"end":{"line":17,"column":41}},"9":{"start":{"line":18,"column":8},"end":{"line":18,"column":20}},"10":{"start":{"line":20,"column":8},"end":{"line":20,"column":29}},"11":{"start":{"line":24,"column":0},"end":{"line":24,"column":38}}},"fnMap":{"0":{"name":"(anonymous_0)","decl":{"start":{"line":9,"column":25},"end":{"line":9,"column":26}},"loc":{"start":{"line":9,"column":45},"end":{"line":22,"column":1}},"line":9}},"branchMap":{},"s":{"0":1,"1":1,"2":0,"3":0,"4":0,"5":0,"6":0,"7":0,"8":0,"9":0,"10":0,"11":1},"f":{"0":0},"b":{},"_coverageSchema":"1a1c01bbd47fc00a2c39e90264f33305004495a9","hash":"74799a4ef6a6058b7f8076944328c636c32e770e"}
,"D:\\Programming\\SLIIT\\AF\\flux-energy-audit\\backend\\src\\validations\\appliancemanagement.validation.js": {"path":"D:\\Programming\\SLIIT\\AF\\flux-energy-audit\\backend\\src\\validations\\appliancemanagement.validation.js","statementMap":{"0":{"start":{"line":1,"column":12},"end":{"line":1,"column":26}},"1":{"start":{"line":4,"column":34},"end":{"line":18,"column":2}},"2":{"start":{"line":21,"column":40},"end":{"line":26,"column":9}},"3":{"start":{"line":28,"column":0},"end":{"line":31,"column":2}}},"fnMap":{},"branchMap":{},"s":{"0":2,"1":2,"2":2,"3":2},"f":{},"b":{},"_coverageSchema":"1a1c01bbd47fc00a2c39e90264f33305004495a9","hash":"be84c2c9f6e4421bdfca56f7b91a96ff3ac2260e"}
,"D:\\Programming\\SLIIT\\AF\\flux-energy-audit\\backend\\src\\validations\\carbonFootprintTracker.validation.js": {"path":"D:\\Programming\\SLIIT\\AF\\flux-energy-audit\\backend\\src\\validations\\carbonFootprintTracker.validation.js","statementMap":{"0":{"start":{"line":1,"column":12},"end":{"line":1,"column":26}},"1":{"start":{"line":6,"column":27},"end":{"line":21,"column":2}},"2":{"start":{"line":26,"column":27},"end":{"line":35,"column":9}},"3":{"start":{"line":37,"column":0},"end":{"line":40,"column":2}}},"fnMap":{},"branchMap":{},"s":{"0":1,"1":1,"2":1,"3":1},"f":{},"b":{},"_coverageSchema":"1a1c01bbd47fc00a2c39e90264f33305004495a9","hash":"2ee968ab770edef41e6baa2751ba2bec60b08832"}
,"D:\\Programming\\SLIIT\\AF\\flux-energy-audit\\backend\\src\\validations\\costGoal.validation.js": {"path":"D:\\Programming\\SLIIT\\AF\\flux-energy-audit\\backend\\src\\validations\\costGoal.validation.js","statementMap":{"0":{"start":{"line":1,"column":12},"end":{"line":1,"column":26}},"1":{"start":{"line":3,"column":25},"end":{"line":3,"column":53}},"2":{"start":{"line":4,"column":32},"end":{"line":4,"column":39}},"3":{"start":{"line":6,"column":22},"end":{"line":6,"column":62}},"4":{"start":{"line":11,"column":19},"end":{"line":22,"column":2}},"5":{"start":{"line":25,"column":19},"end":{"line":38,"column":2}},"6":{"start":{"line":40,"column":0},"end":{"line":43,"column":2}}},"fnMap":{},"branchMap":{},"s":{"0":1,"1":1,"2":1,"3":1,"4":1,"5":1,"6":1},"f":{},"b":{},"_coverageSchema":"1a1c01bbd47fc00a2c39e90264f33305004495a9","hash":"093eedb239e38030adbbfb5b5759019b551a5862"}
,"D:\\Programming\\SLIIT\\AF\\flux-energy-audit\\backend\\src\\validations\\costManagement.validation.js": {"path":"D:\\Programming\\SLIIT\\AF\\flux-energy-audit\\backend\\src\\validations\\costManagement.validation.js","statementMap":{"0":{"start":{"line":1,"column":12},"end":{"line":1,"column":26}},"1":{"start":{"line":3,"column":25},"end":{"line":3,"column":53}},"2":{"start":{"line":4,"column":25},"end":{"line":4,"column":32}},"3":{"start":{"line":5,"column":38},"end":{"line":5,"column":39}},"4":{"start":{"line":7,"column":37},"end":{"line":12,"column":1}},"5":{"start":{"line":8,"column":24},"end":{"line":8,"column":52}},"6":{"start":{"line":9,"column":16},"end":{"line":9,"column":26}},"7":{"start":{"line":10,"column":27},"end":{"line":10,"column":105}},"8":{"start":{"line":11,"column":4},"end":{"line":11,"column":40}},"9":{"start":{"line":16,"column":22},"end":{"line":16,"column":62}},"10":{"start":{"line":19,"column":19},"end":{"line":31,"column":37}},"11":{"start":{"line":26,"column":4},"end":{"line":28,"column":5}},"12":{"start":{"line":27,"column":8},"end":{"line":27,"column":90}},"13":{"start":{"line":30,"column":4},"end":{"line":30,"column":17}},"14":{"start":{"line":34,"column":19},"end":{"line":48,"column":37}},"15":{"start":{"line":41,"column":4},"end":{"line":45,"column":5}},"16":{"start":{"line":42,"column":8},"end":{"line":44,"column":9}},"17":{"start":{"line":43,"column":12},"end":{"line":43,"column":94}},"18":{"start":{"line":47,"column":4},"end":{"line":47,"column":17}},"19":{"start":{"line":51,"column":21},"end":{"line":58,"column":2}},"20":{"start":{"line":60,"column":0},"end":{"line":64,"column":2}}},"fnMap":{"0":{"name":"(anonymous_0)","decl":{"start":{"line":7,"column":37},"end":{"line":7,"column":38}},"loc":{"start":{"line":7,"column":58},"end":{"line":12,"column":1}},"line":7},"1":{"name":"(anonymous_1)","decl":{"start":{"line":25,"column":10},"end":{"line":25,"column":11}},"loc":{"start":{"line":25,"column":30},"end":{"line":31,"column":1}},"line":25},"2":{"name":"(anonymous_2)","decl":{"start":{"line":40,"column":10},"end":{"line":40,"column":11}},"loc":{"start":{"line":40,"column":30},"end":{"line":48,"column":1}},"line":40}},"branchMap":{"0":{"loc":{"start":{"line":26,"column":4},"end":{"line":28,"column":5}},"type":"if","locations":[{"start":{"line":26,"column":4},"end":{"line":28,"column":5}},{"start":{},"end":{}}],"line":26},"1":{"loc":{"start":{"line":41,"column":4},"end":{"line":45,"column":5}},"type":"if","locations":[{"start":{"line":41,"column":4},"end":{"line":45,"column":5}},{"start":{},"end":{}}],"line":41},"2":{"loc":{"start":{"line":41,"column":8},"end":{"line":41,"column":61}},"type":"binary-expr","locations":[{"start":{"line":41,"column":8},"end":{"line":41,"column":33}},{"start":{"line":41,"column":37},"end":{"line":41,"column":61}}],"line":41},"3":{"loc":{"start":{"line":42,"column":8},"end":{"line":44,"column":9}},"type":"if","locations":[{"start":{"line":42,"column":8},"end":{"line":44,"column":9}},{"start":{},"end":{}}],"line":42}},"s":{"0":2,"1":2,"2":2,"3":2,"4":2,"5":1,"6":1,"7":1,"8":1,"9":2,"10":2,"11":1,"12":0,"13":1,"14":2,"15":0,"16":0,"17":0,"18":0,"19":2,"20":2},"f":{"0":1,"1":1,"2":0},"b":{"0":[0,1],"1":[0,0],"2":[0,0],"3":[0,0]},"_coverageSchema":"1a1c01bbd47fc00a2c39e90264f33305004495a9","hash":"ad9c666fd60c629fabe7ead3d1f0d2fa241ea856"}
,"D:\\Programming\\SLIIT\\AF\\flux-energy-audit\\backend\\src\\validations\\energyAuditManagement.validation.js": {"path":"D:\\Programming\\SLIIT\\AF\\flux-energy-audit\\backend\\src\\validations\\energyAuditManagement.validation.js","statementMap":{"0":{"start":{"line":1,"column":12},"end":{"line":1,"column":26}},"1":{"start":{"line":4,"column":20},"end":{"line":19,"column":2}},"2":{"start":{"line":22,"column":20},"end":{"line":32,"column":2}},"3":{"start":{"line":35,"column":22},"end":{"line":44,"column":2}},"4":{"start":{"line":46,"column":0},"end":{"line":50,"column":2}}},"fnMap":{},"branchMap":{},"s":{"0":2,"1":2,"2":2,"3":2,"4":2},"f":{},"b":{},"_coverageSchema":"1a1c01bbd47fc00a2c39e90264f33305004495a9","hash":"fcb657fd660f4a2ae6c85869dca47e25be2cd16c"}
,"D:\\Programming\\SLIIT\\AF\\flux-energy-audit\\backend\\src\\validations\\userManagement.validation.js": {"path":"D:\\Programming\\SLIIT\\AF\\flux-energy-audit\\backend\\src\\validations\\userManagement.validation.js","statementMap":{"0":{"start":{"line":4,"column":12},"end":{"line":4,"column":26}},"1":{"start":{"line":7,"column":21},"end":{"line":11,"column":2}},"2":{"start":{"line":14,"column":18},"end":{"line":17,"column":2}},"3":{"start":{"line":20,"column":19},"end":{"line":24,"column":2}},"4":{"start":{"line":26,"column":0},"end":{"line":30,"column":2}}},"fnMap":{},"branchMap":{},"s":{"0":2,"1":2,"2":2,"3":2,"4":2},"f":{},"b":{},"_coverageSchema":"1a1c01bbd47fc00a2c39e90264f33305004495a9","hash":"33ac4b054d8b67c952af2ed779ffa1607f50df32"}
,"D:\\Programming\\SLIIT\\AF\\flux-energy-audit\\backend\\tests\\helpers\\mockAuth.js": {"path":"D:\\Programming\\SLIIT\\AF\\flux-energy-audit\\backend\\tests\\helpers\\mockAuth.js","statementMap":{"0":{"start":{"line":1,"column":23},"end":{"line":4,"column":1}},"1":{"start":{"line":2,"column":4},"end":{"line":2,"column":93}},"2":{"start":{"line":3,"column":4},"end":{"line":3,"column":11}},"3":{"start":{"line":6,"column":0},"end":{"line":6,"column":36}}},"fnMap":{"0":{"name":"(anonymous_0)","decl":{"start":{"line":1,"column":23},"end":{"line":1,"column":24}},"loc":{"start":{"line":1,"column":44},"end":{"line":4,"column":1}},"line":1}},"branchMap":{},"s":{"0":1,"1":3,"2":3,"3":1},"f":{"0":3},"b":{},"_coverageSchema":"1a1c01bbd47fc00a2c39e90264f33305004495a9","hash":"5f297efa03b59fd38027586dbe6bffb27e4d3677"}
}
