{"C:\\Users\\Govindi Tharshika\\OneDrive - Sri Lanka Institute of Information Technology\\Year 3 Sem2\\AF\\flux-energy-audit\\backend\\src\\controllers\\appliancemanagement.controller.js": {"path":"C:\\Users\\Govindi Tharshika\\OneDrive - Sri Lanka Institute of Information Technology\\Year 3 Sem2\\AF\\flux-energy-audit\\backend\\src\\controllers\\appliancemanagement.controller.js","statementMap":{"0":{"start":{"line":1,"column":25},"end":{"line":1,"column":75}},"1":{"start":{"line":2,"column":71},"end":{"line":2,"column":127}},"2":{"start":{"line":5,"column":24},"end":{"line":22,"column":1}},"3":{"start":{"line":6,"column":4},"end":{"line":21,"column":5}},"4":{"start":{"line":8,"column":26},"end":{"line":8,"column":70}},"5":{"start":{"line":9,"column":8},"end":{"line":11,"column":9}},"6":{"start":{"line":10,"column":12},"end":{"line":10,"column":79}},"7":{"start":{"line":14,"column":26},"end":{"line":14,"column":84}},"8":{"start":{"line":15,"column":8},"end":{"line":18,"column":11}},"9":{"start":{"line":20,"column":8},"end":{"line":20,"column":88}},"10":{"start":{"line":25,"column":25},"end":{"line":36,"column":1}},"11":{"start":{"line":26,"column":4},"end":{"line":35,"column":5}},"12":{"start":{"line":27,"column":27},"end":{"line":27,"column":82}},"13":{"start":{"line":28,"column":8},"end":{"line":32,"column":11}},"14":{"start":{"line":34,"column":8},"end":{"line":34,"column":91}},"15":{"start":{"line":39,"column":21},"end":{"line":52,"column":1}},"16":{"start":{"line":40,"column":4},"end":{"line":51,"column":5}},"17":{"start":{"line":41,"column":26},"end":{"line":41,"column":93}},"18":{"start":{"line":42,"column":8},"end":{"line":44,"column":9}},"19":{"start":{"line":43,"column":12},"end":{"line":43,"column":76}},"20":{"start":{"line":45,"column":8},"end":{"line":48,"column":11}},"21":{"start":{"line":50,"column":8},"end":{"line":50,"column":90}},"22":{"start":{"line":55,"column":24},"end":{"line":74,"column":1}},"23":{"start":{"line":56,"column":4},"end":{"line":73,"column":5}},"24":{"start":{"line":58,"column":26},"end":{"line":58,"column":100}},"25":{"start":{"line":59,"column":8},"end":{"line":61,"column":9}},"26":{"start":{"line":60,"column":12},"end":{"line":60,"column":79}},"27":{"start":{"line":63,"column":26},"end":{"line":63,"column":102}},"28":{"start":{"line":64,"column":8},"end":{"line":66,"column":9}},"29":{"start":{"line":65,"column":12},"end":{"line":65,"column":76}},"30":{"start":{"line":67,"column":8},"end":{"line":70,"column":11}},"31":{"start":{"line":72,"column":8},"end":{"line":72,"column":90}},"32":{"start":{"line":77,"column":24},"end":{"line":89,"column":1}},"33":{"start":{"line":78,"column":4},"end":{"line":88,"column":5}},"34":{"start":{"line":79,"column":26},"end":{"line":79,"column":92}},"35":{"start":{"line":80,"column":8},"end":{"line":82,"column":9}},"36":{"start":{"line":81,"column":12},"end":{"line":81,"column":76}},"37":{"start":{"line":83,"column":8},"end":{"line":85,"column":11}},"38":{"start":{"line":87,"column":8},"end":{"line":87,"column":90}},"39":{"start":{"line":92,"column":23},"end":{"line":103,"column":1}},"40":{"start":{"line":93,"column":4},"end":{"line":102,"column":5}},"41":{"start":{"line":94,"column":25},"end":{"line":94,"column":34}},"42":{"start":{"line":95,"column":23},"end":{"line":95,"column":90}},"43":{"start":{"line":96,"column":8},"end":{"line":99,"column":11}},"44":{"start":{"line":101,"column":8},"end":{"line":101,"column":95}},"45":{"start":{"line":106,"column":26},"end":{"line":116,"column":1}},"46":{"start":{"line":107,"column":4},"end":{"line":115,"column":5}},"47":{"start":{"line":108,"column":22},"end":{"line":108,"column":75}},"48":{"start":{"line":109,"column":8},"end":{"line":112,"column":11}},"49":{"start":{"line":114,"column":8},"end":{"line":114,"column":101}},"50":{"start":{"line":118,"column":0},"end":{"line":126,"column":2}}},"fnMap":{"0":{"name":"(anonymous_0)","decl":{"start":{"line":5,"column":24},"end":{"line":5,"column":25}},"loc":{"start":{"line":5,"column":44},"end":{"line":22,"column":1}},"line":5},"1":{"name":"(anonymous_1)","decl":{"start":{"line":25,"column":25},"end":{"line":25,"column":26}},"loc":{"start":{"line":25,"column":45},"end":{"line":36,"column":1}},"line":25},"2":{"name":"(anonymous_2)","decl":{"start":{"line":39,"column":21},"end":{"line":39,"column":22}},"loc":{"start":{"line":39,"column":41},"end":{"line":52,"column":1}},"line":39},"3":{"name":"(anonymous_3)","decl":{"start":{"line":55,"column":24},"end":{"line":55,"column":25}},"loc":{"start":{"line":55,"column":44},"end":{"line":74,"column":1}},"line":55},"4":{"name":"(anonymous_4)","decl":{"start":{"line":77,"column":24},"end":{"line":77,"column":25}},"loc":{"start":{"line":77,"column":44},"end":{"line":89,"column":1}},"line":77},"5":{"name":"(anonymous_5)","decl":{"start":{"line":92,"column":23},"end":{"line":92,"column":24}},"loc":{"start":{"line":92,"column":43},"end":{"line":103,"column":1}},"line":92},"6":{"name":"(anonymous_6)","decl":{"start":{"line":106,"column":26},"end":{"line":106,"column":27}},"loc":{"start":{"line":106,"column":46},"end":{"line":116,"column":1}},"line":106}},"branchMap":{"0":{"loc":{"start":{"line":9,"column":8},"end":{"line":11,"column":9}},"type":"if","locations":[{"start":{"line":9,"column":8},"end":{"line":11,"column":9}},{"start":{},"end":{}}],"line":9},"1":{"loc":{"start":{"line":42,"column":8},"end":{"line":44,"column":9}},"type":"if","locations":[{"start":{"line":42,"column":8},"end":{"line":44,"column":9}},{"start":{},"end":{}}],"line":42},"2":{"loc":{"start":{"line":59,"column":8},"end":{"line":61,"column":9}},"type":"if","locations":[{"start":{"line":59,"column":8},"end":{"line":61,"column":9}},{"start":{},"end":{}}],"line":59},"3":{"loc":{"start":{"line":64,"column":8},"end":{"line":66,"column":9}},"type":"if","locations":[{"start":{"line":64,"column":8},"end":{"line":66,"column":9}},{"start":{},"end":{}}],"line":64},"4":{"loc":{"start":{"line":80,"column":8},"end":{"line":82,"column":9}},"type":"if","locations":[{"start":{"line":80,"column":8},"end":{"line":82,"column":9}},{"start":{},"end":{}}],"line":80}},"s":{"0":1,"1":1,"2":1,"3":3,"4":3,"5":3,"6":1,"7":2,"8":1,"9":1,"10":1,"11":1,"12":1,"13":1,"14":0,"15":1,"16":2,"17":2,"18":2,"19":1,"20":1,"21":0,"22":1,"23":1,"24":1,"25":1,"26":0,"27":1,"28":1,"29":0,"30":1,"31":0,"32":1,"33":1,"34":1,"35":1,"36":0,"37":1,"38":0,"39":1,"40":1,"41":1,"42":1,"43":1,"44":0,"45":1,"46":1,"47":1,"48":1,"49":0,"50":1},"f":{"0":3,"1":1,"2":2,"3":1,"4":1,"5":1,"6":1},"b":{"0":[1,2],"1":[1,1],"2":[0,1],"3":[0,1],"4":[0,1]},"_coverageSchema":"1a1c01bbd47fc00a2c39e90264f33305004495a9","hash":"6ea3203da1739cece57be93418d963fde068516e"}
,"C:\\Users\\Govindi Tharshika\\OneDrive - Sri Lanka Institute of Information Technology\\Year 3 Sem2\\AF\\flux-energy-audit\\backend\\src\\models\\appliancemanagement.model.js": {"path":"C:\\Users\\Govindi Tharshika\\OneDrive - Sri Lanka Institute of Information Technology\\Year 3 Sem2\\AF\\flux-energy-audit\\backend\\src\\models\\appliancemanagement.model.js","statementMap":{"0":{"start":{"line":1,"column":17},"end":{"line":1,"column":36}},"1":{"start":{"line":4,"column":24},"end":{"line":42,"column":1}},"2":{"start":{"line":45,"column":0},"end":{"line":47,"column":3}},"3":{"start":{"line":46,"column":4},"end":{"line":46,"column":60}},"4":{"start":{"line":50,"column":0},"end":{"line":52,"column":3}},"5":{"start":{"line":51,"column":4},"end":{"line":51,"column":65}},"6":{"start":{"line":55,"column":0},"end":{"line":55,"column":62}}},"fnMap":{"0":{"name":"(anonymous_0)","decl":{"start":{"line":45,"column":54},"end":{"line":45,"column":55}},"loc":{"start":{"line":45,"column":66},"end":{"line":47,"column":1}},"line":45},"1":{"name":"(anonymous_1)","decl":{"start":{"line":50,"column":56},"end":{"line":50,"column":57}},"loc":{"start":{"line":50,"column":68},"end":{"line":52,"column":1}},"line":50}},"branchMap":{},"s":{"0":1,"1":1,"2":1,"3":0,"4":1,"5":0,"6":1},"f":{"0":0,"1":0},"b":{},"_coverageSchema":"1a1c01bbd47fc00a2c39e90264f33305004495a9","hash":"611a51a0864776e131ed4643786d37b3c56ad1db"}
,"C:\\Users\\Govindi Tharshika\\OneDrive - Sri Lanka Institute of Information Technology\\Year 3 Sem2\\AF\\flux-energy-audit\\backend\\src\\services\\appliancemanagement.service.js": {"path":"C:\\Users\\Govindi Tharshika\\OneDrive - Sri Lanka Institute of Information Technology\\Year 3 Sem2\\AF\\flux-energy-audit\\backend\\src\\services\\appliancemanagement.service.js","statementMap":{"0":{"start":{"line":1,"column":18},"end":{"line":1,"column":64}},"1":{"start":{"line":2,"column":29},"end":{"line":2,"column":59}},"2":{"start":{"line":3,"column":23},"end":{"line":3,"column":50}},"3":{"start":{"line":6,"column":21},"end":{"line":14,"column":1}},"4":{"start":{"line":7,"column":4},"end":{"line":13,"column":7}},"5":{"start":{"line":8,"column":26},"end":{"line":11,"column":10}},"6":{"start":{"line":12,"column":8},"end":{"line":12,"column":49}},"7":{"start":{"line":17,"column":28},"end":{"line":19,"column":1}},"8":{"start":{"line":18,"column":4},"end":{"line":18,"column":74}},"9":{"start":{"line":22,"column":25},"end":{"line":24,"column":1}},"10":{"start":{"line":23,"column":4},"end":{"line":23,"column":71}},"11":{"start":{"line":27,"column":24},"end":{"line":35,"column":1}},"12":{"start":{"line":28,"column":4},"end":{"line":34,"column":7}},"13":{"start":{"line":29,"column":8},"end":{"line":33,"column":10}},"14":{"start":{"line":38,"column":24},"end":{"line":45,"column":1}},"15":{"start":{"line":39,"column":4},"end":{"line":44,"column":7}},"16":{"start":{"line":40,"column":8},"end":{"line":43,"column":10}},"17":{"start":{"line":48,"column":34},"end":{"line":69,"column":1}},"18":{"start":{"line":49,"column":23},"end":{"line":49,"column":61}},"19":{"start":{"line":51,"column":23},"end":{"line":51,"column":91}},"20":{"start":{"line":51,"column":55},"end":{"line":51,"column":87}},"21":{"start":{"line":52,"column":25},"end":{"line":52,"column":95}},"22":{"start":{"line":52,"column":57},"end":{"line":52,"column":91}},"23":{"start":{"line":55,"column":24},"end":{"line":55,"column":68}},"24":{"start":{"line":57,"column":4},"end":{"line":68,"column":6}},"25":{"start":{"line":62,"column":43},"end":{"line":67,"column":9}},"26":{"start":{"line":72,"column":26},"end":{"line":110,"column":1}},"27":{"start":{"line":73,"column":23},"end":{"line":73,"column":61}},"28":{"start":{"line":75,"column":4},"end":{"line":82,"column":5}},"29":{"start":{"line":76,"column":8},"end":{"line":81,"column":10}},"30":{"start":{"line":84,"column":23},"end":{"line":84,"column":85}},"31":{"start":{"line":84,"column":55},"end":{"line":84,"column":81}},"32":{"start":{"line":87,"column":32},"end":{"line":89,"column":5}},"33":{"start":{"line":88,"column":8},"end":{"line":88,"column":63}},"34":{"start":{"line":91,"column":28},"end":{"line":95,"column":5}},"35":{"start":{"line":98,"column":30},"end":{"line":102,"column":10}},"36":{"start":{"line":99,"column":20},"end":{"line":99,"column":45}},"37":{"start":{"line":100,"column":8},"end":{"line":100,"column":39}},"38":{"start":{"line":101,"column":8},"end":{"line":101,"column":19}},"39":{"start":{"line":104,"column":4},"end":{"line":109,"column":6}},"40":{"start":{"line":112,"column":0},"end":{"line":120,"column":2}}},"fnMap":{"0":{"name":"(anonymous_0)","decl":{"start":{"line":6,"column":21},"end":{"line":6,"column":22}},"loc":{"start":{"line":6,"column":54},"end":{"line":14,"column":1}},"line":6},"1":{"name":"(anonymous_1)","decl":{"start":{"line":7,"column":34},"end":{"line":7,"column":35}},"loc":{"start":{"line":7,"column":53},"end":{"line":13,"column":5}},"line":7},"2":{"name":"(anonymous_2)","decl":{"start":{"line":17,"column":28},"end":{"line":17,"column":29}},"loc":{"start":{"line":17,"column":46},"end":{"line":19,"column":1}},"line":17},"3":{"name":"(anonymous_3)","decl":{"start":{"line":22,"column":25},"end":{"line":22,"column":26}},"loc":{"start":{"line":22,"column":56},"end":{"line":24,"column":1}},"line":22},"4":{"name":"(anonymous_4)","decl":{"start":{"line":27,"column":24},"end":{"line":27,"column":25}},"loc":{"start":{"line":27,"column":67},"end":{"line":35,"column":1}},"line":27},"5":{"name":"(anonymous_5)","decl":{"start":{"line":28,"column":34},"end":{"line":28,"column":35}},"loc":{"start":{"line":28,"column":53},"end":{"line":34,"column":5}},"line":28},"6":{"name":"(anonymous_6)","decl":{"start":{"line":38,"column":24},"end":{"line":38,"column":25}},"loc":{"start":{"line":38,"column":55},"end":{"line":45,"column":1}},"line":38},"7":{"name":"(anonymous_7)","decl":{"start":{"line":39,"column":34},"end":{"line":39,"column":35}},"loc":{"start":{"line":39,"column":53},"end":{"line":44,"column":5}},"line":39},"8":{"name":"(anonymous_8)","decl":{"start":{"line":48,"column":34},"end":{"line":48,"column":35}},"loc":{"start":{"line":48,"column":58},"end":{"line":69,"column":1}},"line":48},"9":{"name":"(anonymous_9)","decl":{"start":{"line":51,"column":41},"end":{"line":51,"column":42}},"loc":{"start":{"line":51,"column":55},"end":{"line":51,"column":87}},"line":51},"10":{"name":"(anonymous_10)","decl":{"start":{"line":52,"column":43},"end":{"line":52,"column":44}},"loc":{"start":{"line":52,"column":57},"end":{"line":52,"column":91}},"line":52},"11":{"name":"(anonymous_11)","decl":{"start":{"line":62,"column":35},"end":{"line":62,"column":36}},"loc":{"start":{"line":62,"column":43},"end":{"line":67,"column":9}},"line":62},"12":{"name":"(anonymous_12)","decl":{"start":{"line":72,"column":26},"end":{"line":72,"column":27}},"loc":{"start":{"line":72,"column":44},"end":{"line":110,"column":1}},"line":72},"13":{"name":"(anonymous_13)","decl":{"start":{"line":84,"column":41},"end":{"line":84,"column":42}},"loc":{"start":{"line":84,"column":55},"end":{"line":84,"column":81}},"line":84},"14":{"name":"(anonymous_14)","decl":{"start":{"line":87,"column":53},"end":{"line":87,"column":54}},"loc":{"start":{"line":88,"column":8},"end":{"line":88,"column":63}},"line":88},"15":{"name":"(anonymous_15)","decl":{"start":{"line":98,"column":48},"end":{"line":98,"column":49}},"loc":{"start":{"line":98,"column":62},"end":{"line":102,"column":5}},"line":98}},"branchMap":{"0":{"loc":{"start":{"line":66,"column":24},"end":{"line":66,"column":92}},"type":"cond-expr","locations":[{"start":{"line":66,"column":41},"end":{"line":66,"column":88}},{"start":{"line":66,"column":91},"end":{"line":66,"column":92}}],"line":66},"1":{"loc":{"start":{"line":75,"column":4},"end":{"line":82,"column":5}},"type":"if","locations":[{"start":{"line":75,"column":4},"end":{"line":82,"column":5}},{"start":{},"end":{}}],"line":75},"2":{"loc":{"start":{"line":99,"column":20},"end":{"line":99,"column":45}},"type":"binary-expr","locations":[{"start":{"line":99,"column":20},"end":{"line":99,"column":32}},{"start":{"line":99,"column":36},"end":{"line":99,"column":45}}],"line":99},"3":{"loc":{"start":{"line":100,"column":20},"end":{"line":100,"column":33}},"type":"binary-expr","locations":[{"start":{"line":100,"column":20},"end":{"line":100,"column":28}},{"start":{"line":100,"column":32},"end":{"line":100,"column":33}}],"line":100}},"s":{"0":1,"1":1,"2":1,"3":1,"4":1,"5":1,"6":1,"7":1,"8":1,"9":1,"10":1,"11":1,"12":0,"13":0,"14":1,"15":0,"16":0,"17":1,"18":1,"19":1,"20":2,"21":1,"22":2,"23":1,"24":1,"25":2,"26":1,"27":2,"28":2,"29":1,"30":1,"31":2,"32":1,"33":1,"34":1,"35":1,"36":2,"37":2,"38":2,"39":1,"40":1},"f":{"0":1,"1":1,"2":1,"3":1,"4":0,"5":0,"6":0,"7":0,"8":1,"9":2,"10":2,"11":2,"12":2,"13":2,"14":1,"15":2},"b":{"0":[2,0],"1":[1,1],"2":[2,0],"3":[2,2]},"_coverageSchema":"1a1c01bbd47fc00a2c39e90264f33305004495a9","hash":"b3b76329715000f79d3122c38b2ab5b0a6a4357d"}
,"C:\\Users\\Govindi Tharshika\\OneDrive - Sri Lanka Institute of Information Technology\\Year 3 Sem2\\AF\\flux-energy-audit\\backend\\src\\services\\weatherService.js": {"path":"C:\\Users\\Govindi Tharshika\\OneDrive - Sri Lanka Institute of Information Technology\\Year 3 Sem2\\AF\\flux-energy-audit\\backend\\src\\services\\weatherService.js","statementMap":{"0":{"start":{"line":1,"column":14},"end":{"line":1,"column":30}},"1":{"start":{"line":2,"column":15},"end":{"line":2,"column":32}},"2":{"start":{"line":4,"column":0},"end":{"line":4,"column":16}},"3":{"start":{"line":11,"column":26},"end":{"line":31,"column":1}},"4":{"start":{"line":12,"column":20},"end":{"line":12,"column":47}},"5":{"start":{"line":13,"column":4},"end":{"line":15,"column":5}},"6":{"start":{"line":14,"column":8},"end":{"line":14,"column":59}},"7":{"start":{"line":17,"column":4},"end":{"line":30,"column":5}},"8":{"start":{"line":18,"column":25},"end":{"line":18,"column":131}},"9":{"start":{"line":20,"column":8},"end":{"line":26,"column":10}},"10":{"start":{"line":28,"column":8},"end":{"line":28,"column":69}},"11":{"start":{"line":29,"column":8},"end":{"line":29,"column":57}},"12":{"start":{"line":36,"column":25},"end":{"line":44,"column":1}},"13":{"start":{"line":37,"column":4},"end":{"line":43,"column":5}},"14":{"start":{"line":38,"column":8},"end":{"line":38,"column":137}},"15":{"start":{"line":39,"column":11},"end":{"line":43,"column":5}},"16":{"start":{"line":40,"column":8},"end":{"line":40,"column":112}},"17":{"start":{"line":42,"column":8},"end":{"line":42,"column":78}},"18":{"start":{"line":46,"column":0},"end":{"line":46,"column":39}}},"fnMap":{"0":{"name":"(anonymous_0)","decl":{"start":{"line":11,"column":26},"end":{"line":11,"column":27}},"loc":{"start":{"line":11,"column":54},"end":{"line":31,"column":1}},"line":11},"1":{"name":"(anonymous_1)","decl":{"start":{"line":36,"column":25},"end":{"line":36,"column":26}},"loc":{"start":{"line":36,"column":35},"end":{"line":44,"column":1}},"line":36}},"branchMap":{"0":{"loc":{"start":{"line":11,"column":33},"end":{"line":11,"column":49}},"type":"default-arg","locations":[{"start":{"line":11,"column":40},"end":{"line":11,"column":49}}],"line":11},"1":{"loc":{"start":{"line":13,"column":4},"end":{"line":15,"column":5}},"type":"if","locations":[{"start":{"line":13,"column":4},"end":{"line":15,"column":5}},{"start":{},"end":{}}],"line":13},"2":{"loc":{"start":{"line":37,"column":4},"end":{"line":43,"column":5}},"type":"if","locations":[{"start":{"line":37,"column":4},"end":{"line":43,"column":5}},{"start":{"line":39,"column":11},"end":{"line":43,"column":5}}],"line":37},"3":{"loc":{"start":{"line":39,"column":11},"end":{"line":43,"column":5}},"type":"if","locations":[{"start":{"line":39,"column":11},"end":{"line":43,"column":5}},{"start":{"line":41,"column":11},"end":{"line":43,"column":5}}],"line":39}},"s":{"0":1,"1":1,"2":1,"3":1,"4":0,"5":0,"6":0,"7":0,"8":0,"9":0,"10":0,"11":0,"12":1,"13":0,"14":0,"15":0,"16":0,"17":0,"18":1},"f":{"0":0,"1":0},"b":{"0":[0],"1":[0,0],"2":[0,0],"3":[0,0]},"_coverageSchema":"1a1c01bbd47fc00a2c39e90264f33305004495a9","hash":"85588c651a62d2aee095050504a32ca856b2248d"}
,"C:\\Users\\Govindi Tharshika\\OneDrive - Sri Lanka Institute of Information Technology\\Year 3 Sem2\\AF\\flux-energy-audit\\backend\\src\\util\\transaction.js": {"path":"C:\\Users\\Govindi Tharshika\\OneDrive - Sri Lanka Institute of Information Technology\\Year 3 Sem2\\AF\\flux-energy-audit\\backend\\src\\util\\transaction.js","statementMap":{"0":{"start":{"line":1,"column":17},"end":{"line":1,"column":36}},"1":{"start":{"line":9,"column":25},"end":{"line":22,"column":1}},"2":{"start":{"line":10,"column":20},"end":{"line":10,"column":49}},"3":{"start":{"line":11,"column":4},"end":{"line":11,"column":31}},"4":{"start":{"line":12,"column":4},"end":{"line":21,"column":5}},"5":{"start":{"line":13,"column":23},"end":{"line":13,"column":46}},"6":{"start":{"line":14,"column":8},"end":{"line":14,"column":42}},"7":{"start":{"line":15,"column":8},"end":{"line":15,"column":22}},"8":{"start":{"line":17,"column":8},"end":{"line":17,"column":41}},"9":{"start":{"line":18,"column":8},"end":{"line":18,"column":20}},"10":{"start":{"line":20,"column":8},"end":{"line":20,"column":29}},"11":{"start":{"line":24,"column":0},"end":{"line":24,"column":38}}},"fnMap":{"0":{"name":"(anonymous_0)","decl":{"start":{"line":9,"column":25},"end":{"line":9,"column":26}},"loc":{"start":{"line":9,"column":45},"end":{"line":22,"column":1}},"line":9}},"branchMap":{},"s":{"0":1,"1":1,"2":0,"3":0,"4":0,"5":0,"6":0,"7":0,"8":0,"9":0,"10":0,"11":1},"f":{"0":0},"b":{},"_coverageSchema":"1a1c01bbd47fc00a2c39e90264f33305004495a9","hash":"3d74547f8d4c63f125c55ed3428016f2f01234f8"}
,"C:\\Users\\Govindi Tharshika\\OneDrive - Sri Lanka Institute of Information Technology\\Year 3 Sem2\\AF\\flux-energy-audit\\backend\\src\\validations\\appliancemanagement.validation.js": {"path":"C:\\Users\\Govindi Tharshika\\OneDrive - Sri Lanka Institute of Information Technology\\Year 3 Sem2\\AF\\flux-energy-audit\\backend\\src\\validations\\appliancemanagement.validation.js","statementMap":{"0":{"start":{"line":1,"column":12},"end":{"line":1,"column":26}},"1":{"start":{"line":4,"column":34},"end":{"line":18,"column":2}},"2":{"start":{"line":21,"column":40},"end":{"line":26,"column":9}},"3":{"start":{"line":28,"column":0},"end":{"line":31,"column":2}}},"fnMap":{},"branchMap":{},"s":{"0":1,"1":1,"2":1,"3":1},"f":{},"b":{},"_coverageSchema":"1a1c01bbd47fc00a2c39e90264f33305004495a9","hash":"eb593b459aa6ab6cc9f88d284fda06fc467b3828"}
}
